----------------------------------------
  Damos inicio a la ronda de los orcos  
----------------------------------------
nombres del jugador 1: Martin, Andrea, Galo
nombres del jugador 2: Roberto, Bulma, Pamela

Ronda 1:

El orco del jugador 1 realiza un ataque y queda con una salud de 37
El orco del jugador 2 realiza un ataque y queda con una salud de 90

Ronda 2:

El orco del jugador 2 mato antes al orco del jugador 1 con su ataque, haciendo que este no pueda reaccionar, quedando con una salud de 90

la primera ronda la gano el jugador numero 2 con su personaje llamado Roberto y quedando con una salud de 90
la lista del jugador uno es de  2 mientras que la del 2 es de 3

----------------------------------------
  Damos inicio a la ronda de los elfos  
----------------------------------------

Ronda 1:

El elfo del jugador 1 realiza un ataque y queda con una salud de 86
El elfo del jugador 2 realiza un ataque y queda con una salud de 93

Ronda 2:

El elfo del jugador 1 realiza un ataque y queda con una salud de 49
El elfo del jugador 2 realiza un ataque y queda con una salud de 88

Ronda 3:

El elfo del jugador 2 antes al elfo del jugador 1 con su ataque, haciendo que este no pueda reaccionar , quedando con una salud de 88

la segunda ronda la gano el jugador numero 2 con su personaje llamado Bulma y quedando con una salud de 88
