----------------------------------------
  Damos inicio a la ronda de los orcos  
----------------------------------------
nombres del jugador 1: Jeremias, Celeste, Golem
nombres del jugador 2: Pipo, Sarah, Darian

Ronda 1:

El orco del jugador 1 realiza un ataque y queda con una salud de 88
El orco del jugador 2 realiza un ataque y queda con una salud de 44

Ronda 2:

El orco del jugador 1 realiza un ataque y queda con una salud de 50
El orco del jugador 2 realiza un ataque y queda con una salud de 43

Ronda 3:

El orco del jugador 2 mato antes al orco del jugador 1 con su ataque, haciendo que este no pueda reaccionar, quedando con una salud de 43

la primera ronda la gano el jugador numero 2 con su personaje llamado Pipo y quedando con una salud de 43
la lista del jugador uno es de  2 mientras que la del 2 es de 3

----------------------------------------
  Damos inicio a la ronda de los elfos  
----------------------------------------

Ronda 1:

El elfo del jugador 1 realiza un ataque y queda con una salud de 67
El elfo del jugador 2 realiza un ataque y queda con una salud de 45

Ronda 2:

El elfo del jugador 2 antes al elfo del jugador 1 con su ataque, haciendo que este no pueda reaccionar , quedando con una salud de 45

la segunda ronda la gano el jugador numero 2 con su personaje llamado Sarah y quedando con una salud de 45
----------------------------------------
  Damos inicio a la ronda de los orcos  
----------------------------------------
nombres del jugador 1: Nicolas, Raquel, Julian
nombres del jugador 2: Ernesto, Bulma, Enrique

Ronda 1:

El orco del jugador 1 realiza un ataque y queda con una salud de 87
El orco del jugador 2 realiza un ataque y queda con una salud de 61

Ronda 2:

El orco del jugador 1 realiza un ataque y queda con una salud de 86
El orco del jugador 2 realiza un ataque y queda con una salud de 51

Ronda 3:

El orco del jugador 1 realiza un ataque y queda con una salud de 79
El orco del jugador 2 realiza un ataque y queda con una salud de 50

Ronda 4:

El orco del jugador 2 mato antes al orco del jugador 1 con su ataque, haciendo que este no pueda reaccionar, quedando con una salud de 50

la primera ronda la gano el jugador numero 2 con su personaje llamado Ernesto y quedando con una salud de 50
la lista del jugador uno es de  2 mientras que la del 2 es de 3

----------------------------------------
  Damos inicio a la ronda de los elfos  
----------------------------------------

Ronda 1:

El elfo del jugador 1 realiza un ataque y queda con una salud de 72
El elfo del jugador 2 realiza un ataque y queda con una salud de 10

Ronda 2:

El elfo del jugador 1 realiza un ataque y queda con una salud de 66
El elfo del jugador 2 realiza un ataque y queda con una salud de -38

la segunda ronda la gano el jugador numero 1 con su personaje llamado Raquel y quedando con una salud de 66
la lista del jugador uno es de  2 mientras que la del 2 es de 2

----------------------------------------
 Damos inicio a la ronda de los humanos 
----------------------------------------

Ronda 1:

El humano del jugador 1 realiza un ataque y queda con una salud de 96
El humano del jugador 2 realiza un ataque y queda con una salud de -10
