
Damos inicio a la ronda de los orcos

Ronda 1:
El orco del jugador 1 realiza un ataque y queda con una salud de 67
El orco del jugador 2 realiza un ataque y queda con una salud de 35

Ronda 2:
El orco del jugador 1 realiza un ataque y queda con una salud de 51
El orco del jugador 2 realiza un ataque y queda con una salud de -71

Damos inicio a la ronda de los elfos

Ronda 1:
El elfo del jugador 1 realiza un ataque y queda con una salud de 12
El elfo del jugador 2 realiza un ataque y queda con una salud de 99

Ronda 2:
El elfo del jugador 2 antes al elfo del jugador 1 con su ataque, haciendo que este no pueda reaccionar , quedando con una salud de 99

Damos inicio a la ronda de los humanos

Ronda 1:
El humano del jugador 1 realiza un ataque y queda con una salud de 94
El humano del jugador 2 realiza un ataque y queda con una salud de 98

Ronda 2:
El humano del jugador 1 realiza un ataque y queda con una salud de 71
El humano del jugador 2 realiza un ataque y queda con una salud de -4
