
Damos inicio a la ronda de los orcos

Ronda 1:

El orco del jugador 1 realiza un ataque y queda con una salud de 40
El orco del jugador 2 realiza un ataque y queda con una salud de 35

Ronda 2:
El orco del jugador 2 mato antes al orco del jugador 1 con su ataque, haciendo que este no pueda reaccionar, quedando con una salud de -60
la primera ronda la gano el jugador numero 2 con su personaje llamado Enrique y quedando con una salud de -60

Damos inicio a la ronda de los elfos

Ronda 1:

El elfo del jugador 1 realiza un ataque y queda con una salud de 97
El elfo del jugador 2 realiza un ataque y queda con una salud de 71

Ronda 2:

El elfo del jugador 1 realiza un ataque y queda con una salud de 89
El elfo del jugador 2 realiza un ataque y queda con una salud de 67

Ronda 3:

El elfo del jugador 1 realiza un ataque y queda con una salud de 26
El elfo del jugador 2 realiza un ataque y queda con una salud de 66

Ronda 4:

El elfo del jugador 1 realiza un ataque y queda con una salud de 23
El elfo del jugador 2 realiza un ataque y queda con una salud de 65

Ronda 5:
El elfo del jugador 2 antes al elfo del jugador 1 con su ataque, haciendo que este no pueda reaccionar , quedando con una salud de 65
la segunda ronda la gano el jugador numero 2 con su personaje llamado Celeste y quedando con una salud de 65

Damos inicio a la ronda de los humanos

Ronda 1:

El humano del jugador 1 realiza un ataque y queda con una salud de 30
El humano del jugador 2 realiza un ataque y queda con una salud de 28

Ronda 2:
El humano 2 mato antes al humano 1 con su ataque, haciendo que este no pueda reaccionar, quedando con una salud de -32

la tercera ronda la gano el jugador numero 2 con su personaje llamado Dario y quedando con una salud de -32

gano el jugador 2 con 3 victorias


