
Damos inicio a la ronda de los orcos

Ronda 1:
El orco del jugador 1 realiza un ataque y queda con una salud de 99
El orco del jugador 2 realiza un ataque y queda con una salud de 90

Ronda 2:
El orco del jugador 1 realiza un ataque y queda con una salud de 18
El orco del jugador 2 realiza un ataque y queda con una salud de 13

Ronda 3:
El orco del jugador 2 mato antes al orco del jugador 1 con su ataque, haciendo que este no pueda reaccionar, quedando con una salud de 13
la primera ronda la gano el jugador numero 2 con su personaje llamado Roberto y quedando con una salud de 13

Damos inicio a la ronda de los elfos

Ronda 1:
El elfo del jugador 1 realiza un ataque y queda con una salud de 89
El elfo del jugador 2 realiza un ataque y queda con una salud de 99

Ronda 2:
El elfo del jugador 1 realiza un ataque y queda con una salud de 78
El elfo del jugador 2 realiza un ataque y queda con una salud de 36

Ronda 3:
El elfo del jugador 1 realiza un ataque y queda con una salud de 71
El elfo del jugador 2 realiza un ataque y queda con una salud de 28

Ronda 4:
El elfo del jugador 1 realiza un ataque y queda con una salud de 36
El elfo del jugador 2 realiza un ataque y queda con una salud de 27

Ronda 5:
El elfo del jugador 2 antes al elfo del jugador 1 con su ataque, haciendo que este no pueda reaccionar , quedando con una salud de 27
la segunda ronda la gano el jugador numero 2 con su personaje llamado Libelula y quedando con una salud de 27

Damos inicio a la ronda de los humanos

Ronda 1:
El humano del jugador 1 realiza un ataque y queda con una salud de 82
El humano del jugador 2 realiza un ataque y queda con una salud de 71

Ronda 2:
El humano del jugador 1 realiza un ataque y queda con una salud de 35
El humano del jugador 2 realiza un ataque y queda con una salud de 62

Ronda 3:
El humano 2 mato antes al humano 1 con su ataque, haciendo que este no pueda reaccionar, quedando con una salud de 62
la tercera ronda la gano el jugador numero 2 con su personaje llamado Pipe y quedando con una salud de 62

gano el jugador 2 con 3 victorias


