----------------------------------------

Damos inicio a la ronda de los orcos
----------------------------------------

Ronda 1:

El orco del jugador 1 realiza un ataque y queda con una salud de 48

El orco del jugador 2 realiza un ataque y queda con una salud de 95

Ronda 2:

El orco del jugador 1 realiza un ataque y queda con una salud de 47

El orco del jugador 2 realiza un ataque y queda con una salud de 85

Ronda 3:

El orco del jugador 1 realiza un ataque y queda con una salud de 44

El orco del jugador 2 realiza un ataque y queda con una salud de -25
la primera ronda la gano el jugador numero 1 con su personaje llamado Lucas y quedando con una salud de 44
----------------------------------------

Damos inicio a la ronda de los elfos
----------------------------------------

Ronda 1:

El elfo del jugador 1 realiza un ataque y queda con una salud de 54
El elfo del jugador 2 realiza un ataque y queda con una salud de 25

Ronda 2:

El elfo del jugador 1 realiza un ataque y queda con una salud de 35
El elfo del jugador 2 realiza un ataque y queda con una salud de 10

Ronda 3:

El elfo del jugador 2 antes al elfo del jugador 1 con su ataque, haciendo que este no pueda reaccionar , quedando con una salud de 10
la segunda ronda la gano el jugador numero 2 con su personaje llamado Sarah y quedando con una salud de 10
----------------------------------------

Damos inicio a la ronda de los humanos
----------------------------------------

Ronda 1:

El humano del jugador 1 realiza un ataque y queda con una salud de 53
El humano del jugador 2 realiza un ataque y queda con una salud de 0

Ronda 2:
El humano 2 mato antes al humano 1 con su ataque, haciendo que este no pueda reaccionar, quedando con una salud de -38

la tercera ronda la gano el jugador numero 2 con su personaje llamado Darian y quedando con una salud de -38

gano el jugador 2 con 2 victorias


