
Damos inicio a la ronda de los orcos

Ronda 1:
El orco del jugador 1 realiza un ataque y queda con una salud de 83
El orco del jugador 2 realiza un ataque y queda con una salud de 71

Ronda 2:
El orco del jugador 1 realiza un ataque y queda con una salud de 20
El orco del jugador 2 realiza un ataque y queda con una salud de 54

Ronda 3:
El orco del jugador 2 mato antes al orco del jugador 1 con su ataque, haciendo que este no pueda reaccionar, quedando con una salud de 54
la primera ronda la gano el jugador numero 2 con su personaje llamado Ernesto y quedando con una salud de 54

Damos inicio a la ronda de los elfos

Ronda 1:
El elfo del jugador 1 realiza un ataque y queda con una salud de 99
El elfo del jugador 2 realiza un ataque y queda con una salud de 65

Ronda 2:
El elfo del jugador 1 realiza un ataque y queda con una salud de 98
El elfo del jugador 2 realiza un ataque y queda con una salud de -30
la segunda ronda la gano el jugador numero 1 con su personaje llamado Sarah y quedando con una salud de 98

Damos inicio a la ronda de los humanos

Ronda 1:

El humano del jugador 1 realiza un ataque y queda con una salud de 99
El humano del jugador 2 realiza un ataque y queda con una salud de 47

Ronda 2:
El humano 2 mato antes al humano 1 con su ataque, haciendo que este no pueda reaccionar, quedando con una salud de 47

la tercera ronda la gano el jugador numero 2 con su personaje llamado Pablo y quedando con una salud de 47

gano el jugador 2 con 2 victorias


