----------------------------------------
  Damos inicio a la ronda de los orcos  
----------------------------------------

Ronda 1:

El orco del jugador 1 realiza un ataque y queda con una salud de 99
El orco del jugador 2 realiza un ataque y queda con una salud de 94

Ronda 2:

El orco del jugador 1 realiza un ataque y queda con una salud de 69
El orco del jugador 2 realiza un ataque y queda con una salud de 81

Ronda 3:

El orco del jugador 1 realiza un ataque y queda con una salud de 68
El orco del jugador 2 realiza un ataque y queda con una salud de 67

Ronda 4:
El orco del jugador 2 mato antes al orco del jugador 1 con su ataque, haciendo que este no pueda reaccionar, quedando con una salud de 67

la primera ronda la gano el jugador numero 2 con su personaje llamado Bicha y quedando con una salud de 67
----------------------------------------
  Damos inicio a la ronda de los elfos  
----------------------------------------

Ronda 1:

El elfo del jugador 1 realiza un ataque y queda con una salud de 75
El elfo del jugador 2 realiza un ataque y queda con una salud de 42

Ronda 2:

El elfo del jugador 1 realiza un ataque y queda con una salud de 38
El elfo del jugador 2 realiza un ataque y queda con una salud de 24

Ronda 3:

El elfo del jugador 1 realiza un ataque y queda con una salud de 12
El elfo del jugador 2 realiza un ataque y queda con una salud de 15

Ronda 4:

El elfo del jugador 2 antes al elfo del jugador 1 con su ataque, haciendo que este no pueda reaccionar , quedando con una salud de 15

la segunda ronda la gano el jugador numero 2 con su personaje llamado Maria y quedando con una salud de 15
----------------------------------------
 Damos inicio a la ronda de los humanos 
----------------------------------------

Ronda 1:

El humano del jugador 1 realiza un ataque y queda con una salud de 61
El humano del jugador 2 realiza un ataque y queda con una salud de 71

Ronda 2:

El humano del jugador 1 realiza un ataque y queda con una salud de 59
El humano del jugador 2 realiza un ataque y queda con una salud de 42

Ronda 3:

El humano del jugador 1 realiza un ataque y queda con una salud de 10
El humano del jugador 2 realiza un ataque y queda con una salud de 30

Ronda 4:

El humano del jugador 1 realiza un ataque y queda con una salud de 4
El humano del jugador 2 realiza un ataque y queda con una salud de 9

Ronda 5:
El humano 2 mato antes al humano 1 con su ataque, haciendo que este no pueda reaccionar, quedando con una salud de 9

la tercera ronda la gano el jugador numero 2 con su personaje llamado Pamela y quedando con una salud de 9

gano el jugador 2 con 3 victorias


