----------------------------------------
  Damos inicio a la ronda de los orcos  
----------------------------------------

Ronda 1:

El orco del jugador 1 realiza un ataque y queda con una salud de 54

El orco del jugador 2 realiza un ataque y queda con una salud de 80

Ronda 2:

El orco del jugador 1 realiza un ataque y queda con una salud de 49

El orco del jugador 2 realiza un ataque y queda con una salud de 10

Ronda 3:

El orco del jugador 1 realiza un ataque y queda con una salud de 32

El orco del jugador 2 realiza un ataque y queda con una salud de -11

la primera ronda la gano el jugador numero 1 con su personaje llamado Manuel y quedando con una salud de 32
----------------------------------------
  Damos inicio a la ronda de los elfos  
----------------------------------------

Ronda 1:

El elfo del jugador 1 realiza un ataque y queda con una salud de 79
El elfo del jugador 2 realiza un ataque y queda con una salud de 98

Ronda 2:

El elfo del jugador 1 realiza un ataque y queda con una salud de 78
El elfo del jugador 2 realiza un ataque y queda con una salud de 10

Ronda 3:

El elfo del jugador 1 realiza un ataque y queda con una salud de 58
El elfo del jugador 2 realiza un ataque y queda con una salud de -15

la segunda ronda la gano el jugador numero 1 con su personaje llamado Maria y quedando con una salud de 58
----------------------------------------
 Damos inicio a la ronda de los humanos 
----------------------------------------

Ronda 1:

El humano del jugador 1 realiza un ataque y queda con una salud de 58
El humano del jugador 2 realiza un ataque y queda con una salud de -8

la tercera ronda la gano el jugador numero 1 con su personaje llamado Pablo y quedando con una salud de 58

gano el jugador 1 con 3 victorias


