----------------------------------------
  Damos inicio a la ronda de los orcos  
----------------------------------------
nombres del jugador 1: Hana, Hannah, Enrique
nombres del jugador 2: Jeremias, Tiziana, Marcos

Ronda 1:

El orco del jugador 1 realiza un ataque y queda con una salud de 98
El orco del jugador 2 realiza un ataque y queda con una salud de 95

Ronda 2:

El orco del jugador 1 realiza un ataque y queda con una salud de 97
El orco del jugador 2 realiza un ataque y queda con una salud de 63

Ronda 3:

El orco del jugador 1 realiza un ataque y queda con una salud de 44
El orco del jugador 2 realiza un ataque y queda con una salud de 36

Ronda 4:

El orco del jugador 1 realiza un ataque y queda con una salud de 10
El orco del jugador 2 realiza un ataque y queda con una salud de -47

la primera ronda la gano el jugador numero 1 con su personaje llamado Hana y quedando con una salud de 10
la lista del jugador uno es de  6 mientras que la del 2 es de 5

----------------------------------------
  Damos inicio a la ronda de los elfos  
----------------------------------------

Ronda 1:

El elfo del jugador 2 antes al elfo del jugador 1 con su ataque, haciendo que este no pueda reaccionar , quedando con una salud de 100

la segunda ronda la gano el jugador numero 2 con su personaje llamado Tiziana y quedando con una salud de 100
la lista del jugador uno es de  5 mientras que la del 2 es de 5

----------------------------------------
 Damos inicio a la ronda de los humanos 
----------------------------------------

Ronda 1:

El humano del jugador 1 realiza un ataque y queda con una salud de 54
El humano del jugador 2 realiza un ataque y queda con una salud de 17

Ronda 2:

El humano del jugador 1 realiza un ataque y queda con una salud de 27
El humano del jugador 2 realiza un ataque y queda con una salud de -7

la tercera ronda la gano el jugador numero 1 con su personaje llamado Enrique y quedando con una salud de 27
la lista del jugador uno es de  5 mientras que la del 2 es de 4

-----------------------------------------------------------
   Damos inicio a la ultima ronda, la definitoria, 1 vs 2    
-------------------------------------------------------------
----------------------------------------
  Damos inicio a la ronda de los orcos  
----------------------------------------
nombres del jugador 1: Lucas, Margarita, Goliath
nombres del jugador 2: Pipo, Celeste, Polem

Ronda 1:

El orco del jugador 1 realiza un ataque y queda con una salud de 53
El orco del jugador 2 realiza un ataque y queda con una salud de 42

Ronda 2:

El orco del jugador 1 realiza un ataque y queda con una salud de 40
El orco del jugador 2 realiza un ataque y queda con una salud de 25

Ronda 3:

El orco del jugador 1 realiza un ataque y queda con una salud de 36
El orco del jugador 2 realiza un ataque y queda con una salud de -70

la primera ronda la gano el jugador numero 1 con su personaje llamado Lucas y quedando con una salud de 36
la lista del jugador uno es de  8 mientras que la del 2 es de 6

----------------------------------------
  Damos inicio a la ronda de los elfos  
----------------------------------------

Ronda 1:

El elfo del jugador 1 realiza un ataque y queda con una salud de 10
El elfo del jugador 2 realiza un ataque y queda con una salud de 27

Ronda 2:

El elfo del jugador 2 antes al elfo del jugador 1 con su ataque, haciendo que este no pueda reaccionar , quedando con una salud de 27

la segunda ronda la gano el jugador numero 2 con su personaje llamado Celeste y quedando con una salud de 27
la lista del jugador uno es de  7 mientras que la del 2 es de 6

----------------------------------------
 Damos inicio a la ronda de los humanos 
----------------------------------------

Ronda 1:

El humano del jugador 1 realiza un ataque y queda con una salud de 97
El humano del jugador 2 realiza un ataque y queda con una salud de 98

Ronda 2:

El humano del jugador 1 realiza un ataque y queda con una salud de 96
El humano del jugador 2 realiza un ataque y queda con una salud de 64

Ronda 3:

El humano del jugador 1 realiza un ataque y queda con una salud de 93
El humano del jugador 2 realiza un ataque y queda con una salud de 38

Ronda 4:

El humano del jugador 1 realiza un ataque y queda con una salud de 90
El humano del jugador 2 realiza un ataque y queda con una salud de 35

Ronda 5:

El humano del jugador 1 realiza un ataque y queda con una salud de 47
El humano del jugador 2 realiza un ataque y queda con una salud de 18

Ronda 6:

El humano del jugador 1 realiza un ataque y queda con una salud de 24
El humano del jugador 2 realiza un ataque y queda con una salud de -10

la tercera ronda la gano el jugador numero 1 con su personaje llamado Goliath y quedando con una salud de 24
la lista del jugador uno es de  7 mientras que la del 2 es de 5

-----------------------------------------------------------
   Damos inicio a la ultima ronda, la definitoria, 1 vs 2    
-------------------------------------------------------------
