----------------------------------------
  Damos inicio a la ronda de los orcos  
----------------------------------------
nombres del jugador 1: Gabriel, Celeste, Albino
nombres del jugador 2: Jeremias, Elina, Marcos

Ronda 1:

El orco del jugador 1 realiza un ataque y queda con una salud de 23
El orco del jugador 2 realiza un ataque y queda con una salud de 91

Ronda 2:

El orco del jugador 2 mato antes al orco del jugador 1 con su ataque, haciendo que este no pueda reaccionar, quedando con una salud de 91

la primera ronda la gano el jugador numero 2 con su personaje llamado Jeremias y quedando con una salud de 91
la lista del jugador uno es de  2 mientras que la del 2 es de 3

----------------------------------------
  Damos inicio a la ronda de los elfos  
----------------------------------------

Ronda 1:

El elfo del jugador 1 realiza un ataque y queda con una salud de 10
El elfo del jugador 2 realiza un ataque y queda con una salud de 74

Ronda 2:

El elfo del jugador 2 antes al elfo del jugador 1 con su ataque, haciendo que este no pueda reaccionar , quedando con una salud de 74

la segunda ronda la gano el jugador numero 2 con su personaje llamado Elina y quedando con una salud de 74
la lista del jugador uno es de  1 mientras que la del 2 es de 3

----------------------------------------
 Damos inicio a la ronda de los humanos 
----------------------------------------

Ronda 1:

El humano del jugador 1 realiza un ataque y queda con una salud de 97
El humano del jugador 2 realiza un ataque y queda con una salud de 29

Ronda 2:

El humano del jugador 1 realiza un ataque y queda con una salud de 48
El humano del jugador 2 realiza un ataque y queda con una salud de -26

la tercera ronda la gano el jugador numero 1 con su personaje llamado Albino y quedando con una salud de 48
la lista del jugador uno es de  1 mientras que la del 2 es de 2

-----------------------------------------------------------
   Damos inicio a la ultima ronda, la definitoria, 1 vs 2    
-------------------------------------------------------------
Jeremias y Elina va a pelear contra solamente 1, especificamente Celeste

Ronda 1:

El Elfo del jugador 1 realiza un ataque y queda con una salud de -72

El Orco del jugador 2 mato antes al Elfo del jugador 1 con su ataque, haciendo que este no pueda reaccionar
Gano el jugador 2, sus felicitaciones al mismo
