----------------------------------------
  Damos inicio a la ronda de los orcos  
----------------------------------------
nombres del jugador 1: Pepe, Sarah, Pablo
nombres del jugador 2: Enrique, Elina, Golem

Ronda 1:

El orco del jugador 1 realiza un ataque y queda con una salud de 97
El orco del jugador 2 realiza un ataque y queda con una salud de 27

Ronda 2:

El orco del jugador 1 realiza un ataque y queda con una salud de 87
El orco del jugador 2 realiza un ataque y queda con una salud de -35

la primera ronda la gano el jugador numero 1 con su personaje llamado Pepe y quedando con una salud de 87
la lista del jugador uno es de  3 mientras que la del 2 es de 2

----------------------------------------
  Damos inicio a la ronda de los elfos  
----------------------------------------

Ronda 1:

El elfo del jugador 1 realiza un ataque y queda con una salud de 63
El elfo del jugador 2 realiza un ataque y queda con una salud de 96

Ronda 2:

El elfo del jugador 1 realiza un ataque y queda con una salud de 58
El elfo del jugador 2 realiza un ataque y queda con una salud de 86

Ronda 3:

El elfo del jugador 2 antes al elfo del jugador 1 con su ataque, haciendo que este no pueda reaccionar , quedando con una salud de 86

la segunda ronda la gano el jugador numero 2 con su personaje llamado Elina y quedando con una salud de 86
la lista del jugador uno es de  2 mientras que la del 2 es de 2

----------------------------------------
 Damos inicio a la ronda de los humanos 
----------------------------------------

Ronda 1:

El humano del jugador 1 realiza un ataque y queda con una salud de 14
El humano del jugador 2 realiza un ataque y queda con una salud de 92

Ronda 2:

El humano 2 mato antes al humano 1 con su ataque, haciendo que este no pueda reaccionar, quedando con una salud de 92
