----------------------------------------
  Damos inicio a la ronda de los orcos  
----------------------------------------
nombres del jugador 1: Pepe, Margarita, Pom
nombres del jugador 2: Nicolas, Raquel, Julian

Ronda 1:

El orco del jugador 1 realiza un ataque y queda con una salud de 10
El orco del jugador 2 realiza un ataque y queda con una salud de 10

Ronda 2:

El orco del jugador 2 mato antes al orco del jugador 1 con su ataque, haciendo que este no pueda reaccionar, quedando con una salud de 10

la primera ronda la gano el jugador numero 2 con su personaje llamado Nicolas y quedando con una salud de 10
la lista del jugador uno es de  2 mientras que la del 2 es de 3

----------------------------------------
  Damos inicio a la ronda de los elfos  
----------------------------------------

Ronda 1:

El elfo del jugador 1 realiza un ataque y queda con una salud de 94
El elfo del jugador 2 realiza un ataque y queda con una salud de 42

Ronda 2:

El elfo del jugador 1 realiza un ataque y queda con una salud de 68
El elfo del jugador 2 realiza un ataque y queda con una salud de -38

la segunda ronda la gano el jugador numero 1 con su personaje llamado Margarita y quedando con una salud de 68
la lista del jugador uno es de  2 mientras que la del 2 es de 2

----------------------------------------
 Damos inicio a la ronda de los humanos 
----------------------------------------

Ronda 1:

El humano del jugador 1 realiza un ataque y queda con una salud de 61
El humano del jugador 2 realiza un ataque y queda con una salud de 86

Ronda 2:

El humano del jugador 1 realiza un ataque y queda con una salud de 41
El humano del jugador 2 realiza un ataque y queda con una salud de 69

Ronda 3:

El humano del jugador 1 realiza un ataque y queda con una salud de 40
El humano del jugador 2 realiza un ataque y queda con una salud de 59

Ronda 4:

El humano 2 mato antes al humano 1 con su ataque, haciendo que este no pueda reaccionar, quedando con una salud de 59

la tercera ronda la gano el jugador numero 2 con su personaje llamado Julian y quedando con una salud de 59
la lista del jugador uno es de  1 mientras que la del 2 es de 2

-----------------------------------------------------------
   Damos inicio a la ultima ronda, la definitoria, 1 vs 2    
-------------------------------------------------------------
Nicolas y Julian va a pelear contra solamente 1, especificamente Margarita

Ronda 1:

El Elfo del jugador 1 mato antes al Orco del jugador 2 con su ataque
Esto produjo la ronda mas epica del juego, la ultima ronda, solo gana el que tiene mas vida

-----------------------------------------------------------
Damos inicio a la ultima ronda, la ultra definitoria, 1 vs 1 
-------------------------------------------------------------

 Ultima Ronda :

El Orco del jugador 2 realiza un ataque y queda con una salud de -100
INCREIBLEMENTE GANO EL JUGADOR 1, GLUTCHENDO CONTRA 2 JUGADORES, FUE INCREIBLE Margarita gano con 49 de salud, mientras que Nicolas se quedo con -100 de vida.
