----------------------------------------
  Damos inicio a la ronda de los orcos  
----------------------------------------
----------------------------------------
  Damos inicio a la ronda de los orcos  
----------------------------------------
nombres del jugador 1: Bicha, Maria, Darian
nombres del jugador 2: Martin, Elina, Julian

Ronda 1:

El orco del jugador 1 realiza un ataque y queda con una salud de 35
El orco del jugador 2 realiza un ataque y queda con una salud de -2

la primera ronda la gano el jugador numero 1 con su personaje llamado Bicha y quedando con una salud de 35
la lista del jugador uno es de  3 mientras que la del 2 es de 2

----------------------------------------
  Damos inicio a la ronda de los elfos  
----------------------------------------

Ronda 1:

El elfo del jugador 1 realiza un ataque y queda con una salud de 82
El elfo del jugador 2 realiza un ataque y queda con una salud de 86

Ronda 2:

El elfo del jugador 1 realiza un ataque y queda con una salud de 42
El elfo del jugador 2 realiza un ataque y queda con una salud de -24

la segunda ronda la gano el jugador numero 1 con su personaje llamado Maria y quedando con una salud de 42
