----------------------------------------
  Damos inicio a la ronda de los orcos  
----------------------------------------
nombres del jugador 1: Emanuel, Raquel, Golem
nombres del jugador 2: Goliath, Tiziana, Galo

Ronda 1:

El orco del jugador 1 realiza un ataque y queda con una salud de 97
El orco del jugador 2 realiza un ataque y queda con una salud de 95

Ronda 2:

El orco del jugador 1 realiza un ataque y queda con una salud de 92
El orco del jugador 2 realiza un ataque y queda con una salud de -7

la primera ronda la gano el jugador numero 1 con su personaje llamado Emanuel y quedando con una salud de 92
la lista del jugador uno es de  3 mientras que la del 2 es de 2

----------------------------------------
  Damos inicio a la ronda de los elfos  
----------------------------------------

Ronda 1:

El elfo del jugador 1 realiza un ataque y queda con una salud de 94
El elfo del jugador 2 realiza un ataque y queda con una salud de 66

Ronda 2:

El elfo del jugador 1 realiza un ataque y queda con una salud de 70
El elfo del jugador 2 realiza un ataque y queda con una salud de -3

la segunda ronda la gano el jugador numero 1 con su personaje llamado Raquel y quedando con una salud de 70
la lista del jugador uno es de  3 mientras que la del 2 es de 1

----------------------------------------
 Damos inicio a la ronda de los humanos 
----------------------------------------

Ronda 1:

El humano 2 mato antes al humano 1 con su ataque, haciendo que este no pueda reaccionar, quedando con una salud de 100

la tercera ronda la gano el jugador numero 2 con su personaje llamado Galo y quedando con una salud de 100
la lista del jugador uno es de  2 mientras que la del 2 es de 1

-----------------------------------------------------------
   Damos inicio a la ultima ronda, la definitoria, 1 vs 2    
-------------------------------------------------------------
Galo va a pelear contra 2, contra Emanuel y Raquel

Ronda 1:

El Humano del jugador 2 realiza un ataque y queda con una salud de 90

El Humano del jugador 2 mato al Orco del jugador 1 con su ataque, haciendo que este no pueda reaccionar, quedando con una salud de 90
Esto produjo la ronda mas epica del juego, la ultima ronda, solo gana el que tiene mas vida

-----------------------------------------------------------
Damos inicio a la ultima ronda, la ultra definitoria, 1 vs 1 
-------------------------------------------------------------

 Ultima Ronda :

El Humano del jugador 2 realiza un ataque y queda con una salud de 80
INCREIBLEMENTE GANO EL JUGADOR 2, GLUTCHENDO CONTRA 2 JUGADORES, FUE INCREIBLE, gano Galo con 80 de salud mientras que Emanuel termino con 76 de salud.
El Orco del jugador 2 realiza un ataque y queda con una salud de 76
