----------------------------------------
  Damos inicio a la ronda de los orcos  
----------------------------------------
nombres del jugador 1: Bicha, Ana, Golem
nombres del jugador 2: Gabriel, Pipe, Julian

Ronda 1:

El orco del jugador 1 realiza un ataque y queda con una salud de 89
El orco del jugador 2 realiza un ataque y queda con una salud de 72

Ronda 2:

El orco del jugador 1 realiza un ataque y queda con una salud de 12
El orco del jugador 2 realiza un ataque y queda con una salud de -25

la primera ronda la gano el jugador numero 1 con su personaje llamado Bicha y quedando con una salud de 12
la lista del jugador uno es de  3 mientras que la del 2 es de 2

----------------------------------------
  Damos inicio a la ronda de los elfos  
----------------------------------------

Ronda 1:

El elfo del jugador 1 realiza un ataque y queda con una salud de 97
El elfo del jugador 2 realiza un ataque y queda con una salud de 16

Ronda 2:

El elfo del jugador 1 realiza un ataque y queda con una salud de 7
El elfo del jugador 2 realiza un ataque y queda con una salud de 7

Ronda 3:

El elfo del jugador 2 antes al elfo del jugador 1 con su ataque, haciendo que este no pueda reaccionar , quedando con una salud de 7

la segunda ronda la gano el jugador numero 2 con su personaje llamado Pipe y quedando con una salud de 7
la lista del jugador uno es de  1 mientras que la del 2 es de 2

----------------------------------------
 Damos inicio a la ronda de los humanos 
----------------------------------------

Ronda 1:

El humano del jugador 1 realiza un ataque y queda con una salud de 87
El humano del jugador 2 realiza un ataque y queda con una salud de 58

Ronda 2:

El humano del jugador 1 realiza un ataque y queda con una salud de 70
El humano del jugador 2 realiza un ataque y queda con una salud de 41

Ronda 3:

El humano del jugador 1 realiza un ataque y queda con una salud de 24
El humano del jugador 2 realiza un ataque y queda con una salud de 30

Ronda 4:

El humano 2 mato antes al humano 1 con su ataque, haciendo que este no pueda reaccionar, quedando con una salud de 30
