----------------------------------------
  Damos inicio a la ronda de los orcos  
----------------------------------------
nombres del jugador 1: Jeremias, Sara, Golem
nombres del jugador 2: Roberto, Elina, Eduardo

Ronda 1:

El orco del jugador 1 realiza un ataque y queda con una salud de 82
El orco del jugador 2 realiza un ataque y queda con una salud de -10

la primera ronda la gano el jugador numero 1 con su personaje llamado Jeremias y quedando con una salud de 82
la lista del jugador uno es de  3 mientras que la del 2 es de 2

----------------------------------------
  Damos inicio a la ronda de los elfos  
----------------------------------------

Ronda 1:

El elfo del jugador 1 realiza un ataque y queda con una salud de 85
El elfo del jugador 2 realiza un ataque y queda con una salud de 87

Ronda 2:

El elfo del jugador 1 realiza un ataque y queda con una salud de 53
El elfo del jugador 2 realiza un ataque y queda con una salud de 84

Ronda 3:

El elfo del jugador 1 realiza un ataque y queda con una salud de 16
El elfo del jugador 2 realiza un ataque y queda con una salud de 21

Ronda 4:

El elfo del jugador 2 antes al elfo del jugador 1 con su ataque, haciendo que este no pueda reaccionar , quedando con una salud de 21

la segunda ronda la gano el jugador numero 2 con su personaje llamado Elina y quedando con una salud de 21
la lista del jugador uno es de  2 mientras que la del 2 es de 2

----------------------------------------
 Damos inicio a la ronda de los humanos 
----------------------------------------

Ronda 1:

El humano del jugador 1 realiza un ataque y queda con una salud de 41
El humano del jugador 2 realiza un ataque y queda con una salud de 60

Ronda 2:

El humano del jugador 1 realiza un ataque y queda con una salud de 5
El humano del jugador 2 realiza un ataque y queda con una salud de 59

Ronda 3:

El humano 2 mato antes al humano 1 con su ataque, haciendo que este no pueda reaccionar, quedando con una salud de 59

la tercera ronda la gano el jugador numero 2 con su personaje llamado Eduardo y quedando con una salud de 59
la lista del jugador uno es de  1 mientras que la del 2 es de 2

-----------------------------------------------------------
   Damos inicio a la ultima ronda, la definitoria, 1 vs 2    
-------------------------------------------------------------
Elina y Eduardo va a pelear contra solamente 1, especificamente Jeremias

Ronda 1:

El Orco del jugador 1 realiza un ataque y queda con una salud de 82
ElElfo del jugador 2 realiza un ataque y queda con una salud de 15
