----------------------------------------
  Damos inicio a la ronda de los orcos  
----------------------------------------
nombres del jugador 1: Pipo, Margarita, Joaquin
nombres del jugador 2: Luis, Hannah, Andrea

Ronda 1:

El orco del jugador 1 realiza un ataque y queda con una salud de 21
El orco del jugador 2 realiza un ataque y queda con una salud de -6

la primera ronda la gano el jugador numero 1 con su personaje llamado Pipo y quedando con una salud de 21
la lista del jugador uno es de  3 mientras que la del 2 es de 2

----------------------------------------
  Damos inicio a la ronda de los elfos  
----------------------------------------

Ronda 1:

El elfo del jugador 1 realiza un ataque y queda con una salud de 93
El elfo del jugador 2 realiza un ataque y queda con una salud de 67

Ronda 2:

El elfo del jugador 2 antes al elfo del jugador 1 con su ataque, haciendo que este no pueda reaccionar , quedando con una salud de 67

la segunda ronda la gano el jugador numero 2 con su personaje llamado Hannah y quedando con una salud de 67
la lista del jugador uno es de  2 mientras que la del 2 es de 2

----------------------------------------
 Damos inicio a la ronda de los humanos 
----------------------------------------

Ronda 1:

El humano del jugador 1 realiza un ataque y queda con una salud de 12
El humano del jugador 2 realiza un ataque y queda con una salud de 29

Ronda 2:

El humano 2 mato antes al humano 1 con su ataque, haciendo que este no pueda reaccionar, quedando con una salud de 29

la tercera ronda la gano el jugador numero 2 con su personaje llamado Andrea y quedando con una salud de 29
la lista del jugador uno es de  1 mientras que la del 2 es de 2

-----------------------------------------------------------
   Damos inicio a la ultima ronda, la definitoria, 1 vs 2    
-------------------------------------------------------------
Hannah y Andrea va a pelear contra solamente 1, especificamente Pipo

Ronda 1:

El Orco del jugador 1 mato antes al Elfo del jugador 2 con su ataque
Esto produjo la ronda mas epica del juego, la ultima ronda, solo gana el que tiene mas vida

-----------------------------------------------------------
Damos inicio a la ultima ronda, la ultra definitoria, 1 vs 1 
-------------------------------------------------------------

 Ultima Ronda :

El Elfo del jugador 2 realiza un ataque y queda con una salud de -97

El Orco del jugador 1 realiza un ataque y queda con una salud de 10
INCREIBLEMENTE GANO EL JUGADOR 1, GLUTCHENDO CONTRA 2 JUGADORES, FUE INCREIBLE Pipo gano con 10 de salud, mientras que Hannah se quedo con -97 de vida.
----------------------------------------
  Damos inicio a la ronda de los orcos  
----------------------------------------
nombres del jugador 1: Jeremias, Celeste, Darian
nombres del jugador 2: Enrique, Andrea, Joaquin

Ronda 1:

El orco del jugador 1 realiza un ataque y queda con una salud de 85
El orco del jugador 2 realiza un ataque y queda con una salud de 80

Ronda 2:

El orco del jugador 1 realiza un ataque y queda con una salud de 47
El orco del jugador 2 realiza un ataque y queda con una salud de 79

Ronda 3:

El orco del jugador 1 realiza un ataque y queda con una salud de 30
El orco del jugador 2 realiza un ataque y queda con una salud de 76

Ronda 4:

El orco del jugador 1 realiza un ataque y queda con una salud de 29
El orco del jugador 2 realiza un ataque y queda con una salud de 63

Ronda 5:

El orco del jugador 2 mato antes al orco del jugador 1 con su ataque, haciendo que este no pueda reaccionar, quedando con una salud de 63

la primera ronda la gano el jugador numero 2 con su personaje llamado Enrique y quedando con una salud de 63
la lista del jugador uno es de  2 mientras que la del 2 es de 3

----------------------------------------
  Damos inicio a la ronda de los elfos  
----------------------------------------

Ronda 1:

El elfo del jugador 1 realiza un ataque y queda con una salud de 99
El elfo del jugador 2 realiza un ataque y queda con una salud de 14

Ronda 2:

El elfo del jugador 1 realiza un ataque y queda con una salud de 97
El elfo del jugador 2 realiza un ataque y queda con una salud de -53

la segunda ronda la gano el jugador numero 1 con su personaje llamado Celeste y quedando con una salud de 97
la lista del jugador uno es de  2 mientras que la del 2 es de 2

----------------------------------------
 Damos inicio a la ronda de los humanos 
----------------------------------------

Ronda 1:

El humano del jugador 1 realiza un ataque y queda con una salud de 98
El humano del jugador 2 realiza un ataque y queda con una salud de 76

Ronda 2:

El humano del jugador 1 realiza un ataque y queda con una salud de 93
El humano del jugador 2 realiza un ataque y queda con una salud de 71

Ronda 3:

El humano del jugador 1 realiza un ataque y queda con una salud de 76
El humano del jugador 2 realiza un ataque y queda con una salud de 10

Ronda 4:

El humano del jugador 1 realiza un ataque y queda con una salud de 13
El humano del jugador 2 realiza un ataque y queda con una salud de -87

la tercera ronda la gano el jugador numero 1 con su personaje llamado Darian y quedando con una salud de 13
la lista del jugador uno es de  2 mientras que la del 2 es de 1

-----------------------------------------------------------
   Damos inicio a la ultima ronda, la definitoria, 1 vs 2    
-------------------------------------------------------------
Enrique va a pelear contra 2, contra Celeste y Darian

Ronda 1:

El Orco del jugador 2 realiza un ataque y queda con una salud de 62
El Elfo del jugador 2 realiza un ataque y queda con una salud de -13
