----------------------------------------
  Damos inicio a la ronda de los orcos  
----------------------------------------
nombres del jugador 1: Jeremias, Maria, Albino
nombres del jugador 2: Nicolas, Raquel, Pablo

Ronda 1:

El orco del jugador 1 realiza un ataque y queda con una salud de 85
El orco del jugador 2 realiza un ataque y queda con una salud de 60

Ronda 2:

El orco del jugador 2 mato antes al orco del jugador 1 con su ataque, haciendo que este no pueda reaccionar, quedando con una salud de 60

la primera ronda la gano el jugador numero 2 con su personaje llamado Nicolas y quedando con una salud de 60
la lista del jugador uno es de  2 mientras que la del 2 es de 3

----------------------------------------
  Damos inicio a la ronda de los elfos  
----------------------------------------

Ronda 1:

El elfo del jugador 1 realiza un ataque y queda con una salud de 50
El elfo del jugador 2 realiza un ataque y queda con una salud de -4

la segunda ronda la gano el jugador numero 1 con su personaje llamado Maria y quedando con una salud de 50
la lista del jugador uno es de  2 mientras que la del 2 es de 2

----------------------------------------
 Damos inicio a la ronda de los humanos 
----------------------------------------

Ronda 1:

El humano del jugador 1 realiza un ataque y queda con una salud de 72
El humano del jugador 2 realiza un ataque y queda con una salud de 99

Ronda 2:

El humano del jugador 1 realiza un ataque y queda con una salud de 14
El humano del jugador 2 realiza un ataque y queda con una salud de 80

Ronda 3:

El humano 2 mato antes al humano 1 con su ataque, haciendo que este no pueda reaccionar, quedando con una salud de 80

la tercera ronda la gano el jugador numero 2 con su personaje llamado Pablo y quedando con una salud de 80
la lista del jugador uno es de  1 mientras que la del 2 es de 2

-----------------------------------------------------------
   Damos inicio a la ultima ronda, la definitoria, 1 vs 2    
-------------------------------------------------------------
Nicolas y Pablo va a pelear contra solamente 1, especificamente Maria

Ronda 1:

El Elfo del jugador 1 realiza un ataque y queda con una salud de 50
ElOrco del jugador 2 realiza un ataque y queda con una salud de 4

Ronda 2:

El Elfo del jugador 1 mato antes al Orco del jugador 2 con su ataque
Esto produjo la ronda mas epica del juego, la ultima ronda, solo gana el que tiene mas vida

-----------------------------------------------------------
Damos inicio a la ultima ronda, la ultra definitoria, 1 vs 1 
-------------------------------------------------------------

 Ultima Ronda :

El Orco del jugador 2 realiza un ataque y queda con una salud de -208

El Elfo del jugador 1 realiza un ataque y queda con una salud de 46
INCREIBLEMENTE GANO EL JUGADOR 1, GLUTCHENDO CONTRA 2 JUGADORES, FUE INCREIBLE Maria gano con 46 de salud, mientras que Nicolas se quedo con -208 de vida.
