----------------------------------------
  Damos inicio a la ronda de los orcos  
----------------------------------------
jugador 1: Gabriel, Margarita, Polem
jugador 2: Hana, Lucia, Eduardo

Ronda 1:

El orco del jugador 1 realiza un ataque y queda con una salud de 62
El orco del jugador 2 realiza un ataque y queda con una salud de 8

Ronda 2:

El orco del jugador 1 realiza un ataque y queda con una salud de 10
El orco del jugador 2 realiza un ataque y queda con una salud de -44

la primera ronda la gano el jugador numero 1 con su personaje llamado Gabriel y quedando con una salud de 10
la lista del jugador uno es de  3 mientras que la del 2 es de 2

----------------------------------------
  Damos inicio a la ronda de los elfos  
----------------------------------------

Ronda 1:

El elfo del jugador 1 realiza un ataque y queda con una salud de 25
El elfo del jugador 2 realiza un ataque y queda con una salud de 0

Ronda 2:

El elfo del jugador 2 antes al elfo del jugador 1 con su ataque, haciendo que este no pueda reaccionar , quedando con una salud de 0

la segunda ronda la gano el jugador numero 2 con su personaje llamado Lucia y quedando con una salud de 0
la lista del jugador uno es de  2 mientras que la del 2 es de 2

----------------------------------------
 Damos inicio a la ronda de los humanos 
----------------------------------------

Ronda 1:

El humano del jugador 1 realiza un ataque y queda con una salud de 60
El humano del jugador 2 realiza un ataque y queda con una salud de 4

Ronda 2:

El humano del jugador 1 realiza un ataque y queda con una salud de 6
El humano del jugador 2 realiza un ataque y queda con una salud de -56

la tercera ronda la gano el jugador numero 1 con su personaje llamado Polem y quedando con una salud de 6
la lista del jugador uno es de  2 mientras que la del 2 es de 1

-----------------------------------------------------------
   Damos inicio a la ultima ronda, la definitoria, 1 vs 2    
-------------------------------------------------------------
Lucia va a pelear contra 2, contra Gabriel y Polem

Ronda 1:

El Orco del jugador 1 mato al Elfo del jugador 2 con su ataque, haciendo que este no pueda reaccionar, quedando con una salud de 10
Lucia no pudo ante el primer personaje del jugador 2, haciendo quedar a este jugador como victorioso!
