----------------------------------------
  Damos inicio a la ronda de los orcos  
----------------------------------------
jugador 1: Emanuel, Bulma, Polem
jugador 2: Goliath, Sara, Dario

Ronda 1:

El orco del jugador 1 realiza un ataque y queda con una salud de 50
El orco del jugador 2 realiza un ataque y queda con una salud de 96

Ronda 2:

El orco del jugador 1 realiza un ataque y queda con una salud de 27
El orco del jugador 2 realiza un ataque y queda con una salud de 95

Ronda 3:

El orco del jugador 2 mato antes al orco del jugador 1 con su ataque, haciendo que este no pueda reaccionar, quedando con una salud de 95

la primera ronda la gano el jugador numero 2 con su personaje llamado Goliath y quedando con una salud de 95
la lista del jugador uno es de  2 mientras que la del 2 es de 3

----------------------------------------
  Damos inicio a la ronda de los elfos  
----------------------------------------

Ronda 1:

El elfo del jugador 1 realiza un ataque y queda con una salud de 57
El elfo del jugador 2 realiza un ataque y queda con una salud de 98

Ronda 2:

El elfo del jugador 2 antes al elfo del jugador 1 con su ataque, haciendo que este no pueda reaccionar , quedando con una salud de 98

la segunda ronda la gano el jugador numero 2 con su personaje llamado Sara y quedando con una salud de 98
la lista del jugador uno es de  1 mientras que la del 2 es de 3

----------------------------------------
 Damos inicio a la ronda de los humanos 
----------------------------------------

Ronda 1:

El humano del jugador 1 realiza un ataque y queda con una salud de 57
El humano del jugador 2 realiza un ataque y queda con una salud de 21

Ronda 2:

El humano del jugador 1 realiza un ataque y queda con una salud de 40
El humano del jugador 2 realiza un ataque y queda con una salud de -57

la tercera ronda la gano el jugador numero 1 con su personaje llamado Polem y quedando con una salud de 40
la lista del jugador uno es de  1 mientras que la del 2 es de 2

-----------------------------------------------------------
   Damos inicio a la ultima ronda, la definitoria, 1 vs 2    
-------------------------------------------------------------
Goliath y Sara va a pelear contra solamente 1, especificamente Polem

Ronda 1:

El Humano del jugador 1 realiza un ataque y queda con una salud de 40
ElOrco del jugador 2 realiza un ataque y queda con una salud de 65

Ronda 2:

El Humano del jugador 1 realiza un ataque y queda con una salud de 19

El Orco del jugador 2 mato antes al Humano del jugador 1 con su ataque, haciendo que este no pueda reaccionar
Gano el jugador 2, sus felicitaciones al mismo
