----------------------------------------
  Damos inicio a la ronda de los orcos  
----------------------------------------
jugador 1: Bicha, Sarah, Polem
jugador 2: Gabriel, Margarita, Pom

Ronda 1:

El orco del jugador 1 realiza un ataque y queda con una salud de 80
El orco del jugador 2 realiza un ataque y queda con una salud de 95

Ronda 2:

El orco del jugador 1 realiza un ataque y queda con una salud de 76
El orco del jugador 2 realiza un ataque y queda con una salud de 90

Ronda 3:

El orco del jugador 1 realiza un ataque y queda con una salud de 18
El orco del jugador 2 realiza un ataque y queda con una salud de -12

la primera ronda la gano el jugador numero 1 con su personaje llamado Bicha y quedando con una salud de 18
la lista del jugador uno es de  3 mientras que la del 2 es de 2

----------------------------------------
  Damos inicio a la ronda de los elfos  
----------------------------------------

Ronda 1:

El elfo del jugador 1 realiza un ataque y queda con una salud de 35
El elfo del jugador 2 realiza un ataque y queda con una salud de 30

Ronda 2:

El elfo del jugador 2 antes al elfo del jugador 1 con su ataque, haciendo que este no pueda reaccionar , quedando con una salud de 30

la segunda ronda la gano el jugador numero 2 con su personaje llamado Margarita y quedando con una salud de 30
la lista del jugador uno es de  2 mientras que la del 2 es de 2

----------------------------------------
 Damos inicio a la ronda de los humanos 
----------------------------------------

Ronda 1:

El humano del jugador 1 realiza un ataque y queda con una salud de 21
El humano del jugador 2 realiza un ataque y queda con una salud de 70

Ronda 2:

El humano 2 mato antes al humano 1 con su ataque, haciendo que este no pueda reaccionar, quedando con una salud de 70

la tercera ronda la gano el jugador numero 2 con su personaje llamado Pom y quedando con una salud de 70
la lista del jugador uno es de  1 mientras que la del 2 es de 2

-----------------------------------------------------------
   Damos inicio a la ultima ronda, la definitoria, 1 vs 2    
-------------------------------------------------------------
Margarita y Pom va a pelear contra solamente 1, especificamente Bicha

Ronda 1:

El Orco del jugador 1 mato antes al Elfo del jugador 2 con su ataque
Esto produjo la ronda mas epica del juego, la ultima ronda, solo gana el que tiene mas vida

-----------------------------------------------------------
Damos inicio a la ultima ronda, la ultra definitoria, 1 vs 1 
-------------------------------------------------------------

 Ultima Ronda :

El Elfo del jugador 2 realiza un ataque y queda con una salud de -46

El Orco del jugador 1 realiza un ataque y queda con una salud de 12
INCREIBLEMENTE GANO EL JUGADOR 1, GLUTCHENDO CONTRA 2 JUGADORES, FUE INCREIBLE Bicha gano con 12 de salud, mientras que Margarita se quedo con -46 de vida.
