----------------------------------------
  Damos inicio a la ronda de los orcos  
----------------------------------------
jugador 1: Lucas, Hannah, Galo
jugador 2: Roberto, Pipe, Eduardo

Ronda 1:

El orco del jugador 1 realiza un ataque y queda con una salud de 66
El orco del jugador 2 realiza un ataque y queda con una salud de 77

Ronda 2:

El orco del jugador 1 realiza un ataque y queda con una salud de 57
El orco del jugador 2 realiza un ataque y queda con una salud de 37

Ronda 3:

El orco del jugador 1 realiza un ataque y queda con una salud de 41
El orco del jugador 2 realiza un ataque y queda con una salud de -8

la primera ronda la gano el jugador numero 1 con su personaje llamado Lucas y quedando con una salud de 41
la lista del jugador uno es de  3 mientras que la del 2 es de 2

----------------------------------------
  Damos inicio a la ronda de los elfos  
----------------------------------------

Ronda 1:

El elfo del jugador 1 realiza un ataque y queda con una salud de 79
El elfo del jugador 2 realiza un ataque y queda con una salud de 87

Ronda 2:

El elfo del jugador 1 realiza un ataque y queda con una salud de 21
El elfo del jugador 2 realiza un ataque y queda con una salud de 31

Ronda 3:

El elfo del jugador 1 realiza un ataque y queda con una salud de 5
El elfo del jugador 2 realiza un ataque y queda con una salud de 30

Ronda 4:

El elfo del jugador 2 antes al elfo del jugador 1 con su ataque, haciendo que este no pueda reaccionar , quedando con una salud de 30

la segunda ronda la gano el jugador numero 2 con su personaje llamado Pipe y quedando con una salud de 30
la lista del jugador uno es de  2 mientras que la del 2 es de 2

----------------------------------------
 Damos inicio a la ronda de los humanos 
----------------------------------------

Ronda 1:

El humano del jugador 1 realiza un ataque y queda con una salud de 57
El humano del jugador 2 realiza un ataque y queda con una salud de 73

Ronda 2:

El humano del jugador 1 realiza un ataque y queda con una salud de 45
El humano del jugador 2 realiza un ataque y queda con una salud de 18

Ronda 3:

El humano 2 mato antes al humano 1 con su ataque, haciendo que este no pueda reaccionar, quedando con una salud de 18

la tercera ronda la gano el jugador numero 2 con su personaje llamado Eduardo y quedando con una salud de 18
la lista del jugador uno es de  1 mientras que la del 2 es de 2

-----------------------------------------------------------
   Damos inicio a la ultima ronda, la definitoria, 1 vs 2    
-------------------------------------------------------------
Pipe y Eduardo va a pelear contra solamente 1, especificamente Lucas

Ronda 1:

El Orco del jugador 1 mato antes al Humano del jugador 2 con su ataque
Esto produjo la ronda mas epica del juego, la ultima ronda, solo gana el que tiene mas vida

-----------------------------------------------------------
Damos inicio a la ultima ronda, la ultra definitoria, 1 vs 1 
-------------------------------------------------------------

 Ultima Ronda :

El Humano del jugador 2 realiza un ataque y queda con una salud de -114

El Orco del jugador 1 realiza un ataque y queda con una salud de 16
INCREIBLEMENTE GANO EL JUGADOR 1, GLUTCHENDO CONTRA 2 JUGADORES, FUE INCREIBLE Lucas gano con 16 de salud, mientras que Pipe se quedo con -114 de vida.
