----------------------------------------
  Damos inicio a la ronda de los orcos  
----------------------------------------
jugador 1: Emanuel, Maria, Pom
jugador 2: Ernesto, Pipe, Polem

Ronda 1:

El orco del jugador 1 realiza un ataque y queda con una salud de 77
El orco del jugador 2 realiza un ataque y queda con una salud de 58

Ronda 2:

El orco del jugador 1 realiza un ataque y queda con una salud de 14
El orco del jugador 2 realiza un ataque y queda con una salud de -31

la primera ronda la gano el jugador numero 1 con su personaje llamado Emanuel y quedando con una salud de 14
la lista del jugador uno es de  3 mientras que la del 2 es de 2

----------------------------------------
  Damos inicio a la ronda de los elfos  
----------------------------------------

Ronda 1:

El elfo del jugador 1 realiza un ataque y queda con una salud de 6
El elfo del jugador 2 realiza un ataque y queda con una salud de 30

Ronda 2:

El elfo del jugador 2 antes al elfo del jugador 1 con su ataque, haciendo que este no pueda reaccionar , quedando con una salud de 30

la segunda ronda la gano el jugador numero 2 con su personaje llamado Pipe y quedando con una salud de 30
la lista del jugador uno es de  2 mientras que la del 2 es de 2

----------------------------------------
 Damos inicio a la ronda de los humanos 
----------------------------------------

Ronda 1:

El humano del jugador 1 realiza un ataque y queda con una salud de 85
El humano del jugador 2 realiza un ataque y queda con una salud de 16

Ronda 2:

El humano del jugador 1 realiza un ataque y queda con una salud de 78
El humano del jugador 2 realiza un ataque y queda con una salud de -17

la tercera ronda la gano el jugador numero 1 con su personaje llamado Pom y quedando con una salud de 78
la lista del jugador uno es de  2 mientras que la del 2 es de 1

-----------------------------------------------------------
   Damos inicio a la ultima ronda, la definitoria, 1 vs 2    
-------------------------------------------------------------
Pipe va a pelear contra 2, contra Emanuel y Pom

Ronda 1:

El Humano del jugador 2 realiza un ataque y queda con una salud de 25
El Orco del jugador 1 realiza un ataque y queda con una salud de -60
