----------------------------------------
  Damos inicio a la ronda de los orcos  
----------------------------------------
jugador 1: Manuel, Bulma, Joaquin
jugador 2: Jeremias, Sarah, Marcos

Ronda 1:

El orco del jugador 1 realiza un ataque y queda con una salud de 89
El orco del jugador 2 realiza un ataque y queda con una salud de 89

Ronda 2:

El orco del jugador 1 realiza un ataque y queda con una salud de 62
El orco del jugador 2 realiza un ataque y queda con una salud de 55

Ronda 3:

El orco del jugador 1 realiza un ataque y queda con una salud de 61
El orco del jugador 2 realiza un ataque y queda con una salud de 41

Ronda 4:

El orco del jugador 1 realiza un ataque y queda con una salud de 56
El orco del jugador 2 realiza un ataque y queda con una salud de -65

la primera ronda la gano el jugador numero 1 con su personaje llamado Manuel y quedando con una salud de 56
la lista del jugador uno es de  3 mientras que la del 2 es de 2

----------------------------------------
  Damos inicio a la ronda de los elfos  
----------------------------------------

Ronda 1:

El elfo del jugador 2 antes al elfo del jugador 1 con su ataque, haciendo que este no pueda reaccionar , quedando con una salud de 100

la segunda ronda la gano el jugador numero 2 con su personaje llamado Sarah y quedando con una salud de 100
la lista del jugador uno es de  2 mientras que la del 2 es de 2

----------------------------------------
 Damos inicio a la ronda de los humanos 
----------------------------------------

Ronda 1:

El humano del jugador 1 realiza un ataque y queda con una salud de 99
El humano del jugador 2 realiza un ataque y queda con una salud de 73

Ronda 2:

El humano del jugador 1 realiza un ataque y queda con una salud de 11
El humano del jugador 2 realiza un ataque y queda con una salud de 44

Ronda 3:

El humano 2 mato antes al humano 1 con su ataque, haciendo que este no pueda reaccionar, quedando con una salud de 44

la tercera ronda la gano el jugador numero 2 con su personaje llamado Marcos y quedando con una salud de 44
la lista del jugador uno es de  1 mientras que la del 2 es de 2

-----------------------------------------------------------
   Damos inicio a la ultima ronda, la definitoria, 1 vs 2    
-------------------------------------------------------------
Sarah y Marcos va a pelear contra solamente 1, especificamente Manuel

Ronda 1:

El Orco del jugador 1 realiza un ataque y queda con una salud de 56
ElElfo del jugador 2 realiza un ataque y queda con una salud de 73

Ronda 2:

El Orco del jugador 1 mato antes al Elfo del jugador 2 con su ataque, tiene 55 puntos de vida
Esto produjo la ronda mas epica del juego, la ultima ronda, solo gana el que tiene mas vida

-----------------------------------------------------------
Damos inicio a la ultima ronda, la ultra definitoria, 1 vs 1 
-------------------------------------------------------------

 Ultima Ronda :
SARAH VS MANUEL
la efectividad de disparo del jugador 1 fue de 0.05mientras que la del jugador 2 fue de 0.95

El Elfo del jugador 2 realiza un ataque y queda con una salud de -127

El Orco del jugador 1 realiza un ataque y queda con una salud de 54
INCREIBLEMENTE GANO EL JUGADOR 1, GLUTCHENDO CONTRA 2 JUGADORES, FUE INCREIBLE Manuel gano con 54 de salud, mientras que Sarah se quedo con -127 de vida.
----------------------------------------
  Damos inicio a la ronda de los orcos  
----------------------------------------
jugador 1: Ernesto, Elina, Galo
jugador 2: Lucia, Bulma, Pom

Ronda 1:

El orco del jugador 2 mato antes al orco del jugador 1 con su ataque, haciendo que este no pueda reaccionar, quedando con una salud de 100

la primera ronda la gano el jugador numero 2 con su personaje llamado Lucia y quedando con una salud de 100
la lista del jugador uno es de  3 mientras que la del 2 es de 5

----------------------------------------
  Damos inicio a la ronda de los elfos  
----------------------------------------

Ronda 1:

El elfo del jugador 1 realiza un ataque y queda con una salud de 25
El elfo del jugador 2 realiza un ataque y queda con una salud de 10

Ronda 2:

El elfo del jugador 1 realiza un ataque y queda con una salud de 6
El elfo del jugador 2 realiza un ataque y queda con una salud de -7

la segunda ronda la gano el jugador numero 1 con su personaje llamado Elina y quedando con una salud de 6
la lista del jugador uno es de  3 mientras que la del 2 es de 4

----------------------------------------
 Damos inicio a la ronda de los humanos 
----------------------------------------

Ronda 1:

El humano del jugador 1 realiza un ataque y queda con una salud de 2
El humano del jugador 2 realiza un ataque y queda con una salud de 71

Ronda 2:

El humano 2 mato antes al humano 1 con su ataque, haciendo que este no pueda reaccionar, quedando con una salud de 71

la tercera ronda la gano el jugador numero 2 con su personaje llamado Pom y quedando con una salud de 71
la lista del jugador uno es de  2 mientras que la del 2 es de 4

-----------------------------------------------------------
   Damos inicio a la ultima ronda, la definitoria, 1 vs 2    
-------------------------------------------------------------
