----------------------------------------
  Damos inicio a la ronda de los orcos  
----------------------------------------
jugador 1: Martin, Tiziana, Julian
jugador 2: Jeremias, Maria, Galo

Ronda 1:

El orco del jugador 1 realiza un ataque y queda con una salud de 93
El orco del jugador 2 realiza un ataque y queda con una salud de 51

Ronda 2:

El orco del jugador 1 realiza un ataque y queda con una salud de 27
El orco del jugador 2 realiza un ataque y queda con una salud de -16

la primera ronda la gano el jugador numero 1 con su personaje llamado Martin y quedando con una salud de 27
la lista del jugador uno es de  3 mientras que la del 2 es de 2

----------------------------------------
  Damos inicio a la ronda de los elfos  
----------------------------------------

Ronda 1:

El elfo del jugador 1 realiza un ataque y queda con una salud de 82
El elfo del jugador 2 realiza un ataque y queda con una salud de 99

Ronda 2:

El elfo del jugador 1 realiza un ataque y queda con una salud de 77
El elfo del jugador 2 realiza un ataque y queda con una salud de 52

Ronda 3:

El elfo del jugador 1 realiza un ataque y queda con una salud de 59
El elfo del jugador 2 realiza un ataque y queda con una salud de 33

Ronda 4:

El elfo del jugador 1 realiza un ataque y queda con una salud de 57
El elfo del jugador 2 realiza un ataque y queda con una salud de 32

Ronda 5:

El elfo del jugador 1 realiza un ataque y queda con una salud de 2
El elfo del jugador 2 realiza un ataque y queda con una salud de -74

la segunda ronda la gano el jugador numero 1 con su personaje llamado Tiziana y quedando con una salud de 2
la lista del jugador uno es de  3 mientras que la del 2 es de 1

----------------------------------------
 Damos inicio a la ronda de los humanos 
----------------------------------------

Ronda 1:

El humano del jugador 1 realiza un ataque y queda con una salud de 92
El humano del jugador 2 realiza un ataque y queda con una salud de 21

Ronda 2:

El humano del jugador 1 realiza un ataque y queda con una salud de 89
El humano del jugador 2 realiza un ataque y queda con una salud de 6

Ronda 3:

El humano del jugador 1 realiza un ataque y queda con una salud de 60
El humano del jugador 2 realiza un ataque y queda con una salud de -15

la tercera ronda la gano el jugador numero 1 con su personaje llamado Julian y quedando con una salud de 60
la lista del jugador uno es de  3 mientras que la del 2 es de 0

-----------------------------------------------------------
   Damos inicio a la ultima ronda, la definitoria, 1 vs 2    
-------------------------------------------------------------
