----------------------------------------
  Damos inicio a la ronda de los orcos  
----------------------------------------
jugador 1: Enrique, Lucia, Galo
jugador 2: Jeremias, Elina, Julian

Ronda 1:

El orco del jugador 1 realiza un ataque y queda con una salud de 50
El orco del jugador 2 realiza un ataque y queda con una salud de 35

Ronda 2:

El orco del jugador 1 realiza un ataque y queda con una salud de 3
El orco del jugador 2 realiza un ataque y queda con una salud de 27

Ronda 3:

El orco del jugador 2 mato antes al orco del jugador 1 con su ataque, haciendo que este no pueda reaccionar, quedando con una salud de 27

la primera ronda la gano el jugador numero 2 con su personaje llamado Jeremias y quedando con una salud de 27
la lista del jugador uno es de  2 mientras que la del 2 es de 3

----------------------------------------
  Damos inicio a la ronda de los elfos  
----------------------------------------

Ronda 1:

El elfo del jugador 1 realiza un ataque y queda con una salud de 63
El elfo del jugador 2 realiza un ataque y queda con una salud de 95

Ronda 2:

El elfo del jugador 2 antes al elfo del jugador 1 con su ataque, haciendo que este no pueda reaccionar , quedando con una salud de 95

la segunda ronda la gano el jugador numero 2 con su personaje llamado Elina y quedando con una salud de 95
la lista del jugador uno es de  1 mientras que la del 2 es de 3

----------------------------------------
 Damos inicio a la ronda de los humanos 
----------------------------------------

Ronda 1:

El humano del jugador 1 realiza un ataque y queda con una salud de 92
El humano del jugador 2 realiza un ataque y queda con una salud de 98

Ronda 2:

El humano del jugador 1 realiza un ataque y queda con una salud de 49
El humano del jugador 2 realiza un ataque y queda con una salud de 80

Ronda 3:

El humano del jugador 1 realiza un ataque y queda con una salud de 31
El humano del jugador 2 realiza un ataque y queda con una salud de 79

Ronda 4:

El humano del jugador 1 realiza un ataque y queda con una salud de 24
El humano del jugador 2 realiza un ataque y queda con una salud de 36

Ronda 5:

El humano del jugador 1 realiza un ataque y queda con una salud de 21
El humano del jugador 2 realiza un ataque y queda con una salud de 27

Ronda 6:

El humano del jugador 1 realiza un ataque y queda con una salud de 6
El humano del jugador 2 realiza un ataque y queda con una salud de -62

la tercera ronda la gano el jugador numero 1 con su personaje llamado Galo y quedando con una salud de 6
la lista del jugador uno es de  1 mientras que la del 2 es de 2

-----------------------------------------------------------
   Damos inicio a la ultima ronda, la definitoria, 1 vs 2    
-------------------------------------------------------------
Jeremias y Elina va a pelear contra solamente 1, especificamente Galo

Ronda 1:

El Humano del jugador 1 realiza un ataque y queda con una salud de 6
la efectividad de disparo del jugador 1 fue de 0.72mientras que la del jugador 2 fue de 0.29

El Orco del jugador 2 mato antes al Humano del jugador 1 con su ataque, haciendo que este no pueda reaccionar
Gano el jugador 2, sus felicitaciones al mismo
----------------------------------------
  Damos inicio a la ronda de los orcos  
----------------------------------------
jugador 1: Pepe, Maria, Martin
jugador 2: Manuel, Sara, Darian

Ronda 1:

El orco del jugador 1 realiza un ataque y queda con una salud de 51
El orco del jugador 2 realiza un ataque y queda con una salud de 91

Ronda 2:

El orco del jugador 2 mato antes al orco del jugador 1 con su ataque, haciendo que este no pueda reaccionar, quedando con una salud de 91

la primera ronda la gano el jugador numero 2 con su personaje llamado Manuel y quedando con una salud de 91
la lista del jugador uno es de  3 mientras que la del 2 es de 5

----------------------------------------
  Damos inicio a la ronda de los elfos  
----------------------------------------

Ronda 1:

El elfo del jugador 1 realiza un ataque y queda con una salud de 77
El elfo del jugador 2 realiza un ataque y queda con una salud de 61

Ronda 2:

El elfo del jugador 1 realiza un ataque y queda con una salud de 76
El elfo del jugador 2 realiza un ataque y queda con una salud de 11

Ronda 3:

El elfo del jugador 1 realiza un ataque y queda con una salud de 75
El elfo del jugador 2 realiza un ataque y queda con una salud de -63

la segunda ronda la gano el jugador numero 1 con su personaje llamado Maria y quedando con una salud de 75
la lista del jugador uno es de  3 mientras que la del 2 es de 4

----------------------------------------
 Damos inicio a la ronda de los humanos 
----------------------------------------

Ronda 1:

El humano del jugador 1 realiza un ataque y queda con una salud de 99
El humano del jugador 2 realiza un ataque y queda con una salud de 89

Ronda 2:

El humano del jugador 1 realiza un ataque y queda con una salud de 94
El humano del jugador 2 realiza un ataque y queda con una salud de 47

Ronda 3:

El humano del jugador 1 realiza un ataque y queda con una salud de 62
El humano del jugador 2 realiza un ataque y queda con una salud de 46

Ronda 4:

El humano del jugador 1 realiza un ataque y queda con una salud de 41
El humano del jugador 2 realiza un ataque y queda con una salud de -34

la tercera ronda la gano el jugador numero 1 con su personaje llamado Martin y quedando con una salud de 41
la lista del jugador uno es de  3 mientras que la del 2 es de 4

-----------------------------------------------------------
   Damos inicio a la ultima ronda, la definitoria, 1 vs 2    
-------------------------------------------------------------
