----------------------------------------
  Damos inicio a la ronda de los orcos  
----------------------------------------
jugador 1: Jeremias, Andrea, Joaquin
jugador 2: Luis, Ana, Albino

Ronda 1:

El orco del jugador 1 realiza un ataque y queda con una salud de 71
El orco del jugador 2 realiza un ataque y queda con una salud de 17

Ronda 2:

El orco del jugador 2 mato antes al orco del jugador 1 con su ataque, haciendo que este no pueda reaccionar, quedando con una salud de 17

la primera ronda la gano el jugador numero 2 con su personaje llamado Luis y quedando con una salud de 17
la lista del jugador uno es de  2 mientras que la del 2 es de 3

----------------------------------------
  Damos inicio a la ronda de los elfos  
----------------------------------------

Ronda 1:

El elfo del jugador 1 realiza un ataque y queda con una salud de 80
El elfo del jugador 2 realiza un ataque y queda con una salud de 97

Ronda 2:

El elfo del jugador 1 realiza un ataque y queda con una salud de 62
El elfo del jugador 2 realiza un ataque y queda con una salud de 60

Ronda 3:

El elfo del jugador 1 realiza un ataque y queda con una salud de 22
El elfo del jugador 2 realiza un ataque y queda con una salud de 26

Ronda 4:

El elfo del jugador 2 mato antes al elfo del jugador 1 con su ataque, haciendo que este no pueda reaccionar , quedando con una salud de 26

la segunda ronda la gano el jugador numero 2 con su personaje llamado Ana y quedando con una salud de 26
la lista del jugador uno es de  1 mientras que la del 2 es de 3

----------------------------------------
 Damos inicio a la ronda de los humanos 
----------------------------------------

Ronda 1:

El humano del jugador 1 realiza un ataque y queda con una salud de 95
El humano del jugador 2 realiza un ataque y queda con una salud de 35

Ronda 2:

El humano del jugador 1 realiza un ataque y queda con una salud de 93
El humano del jugador 2 realiza un ataque y queda con una salud de 25

Ronda 3:

El humano del jugador 1 realiza un ataque y queda con una salud de 69
El humano del jugador 2 realiza un ataque y queda con una salud de -45

la tercera ronda la gano el jugador numero 1 con su personaje llamado Joaquin y quedando con una salud de 69
la lista del jugador uno es de  1 mientras que la del 2 es de 2

-----------------------------------------------------------
   Damos inicio a la ultima ronda, la definitoria, 1 vs 2    
-------------------------------------------------------------
Luis y Ana va a pelear contra solamente 1, especificamente Joaquin

Ronda 1:

El Humano del jugador 1 realiza un ataque y queda con una salud de 69
ElOrco del jugador 2 realiza un ataque y queda con una salud de 16

Ronda 2:

El Humano del jugador 1 realiza un ataque y queda con una salud de 68
la efectividad de disparo del jugador 1 fue de 0.88mientras que la del jugador 2 fue de 0.23

El Orco del jugador 2 mato antes al Humano del jugador 1 con su ataque, haciendo que este no pueda reaccionar
Gano el jugador 2, sus felicitaciones al mismo
