----------------------------------------
  Damos inicio a la ronda de los orcos  
----------------------------------------
jugador 1: Ernesto, Celeste, Dario
jugador 2: Emanuel, Margarita, Polem

Ronda 1:

El orco del jugador 2 mato antes al orco del jugador 1 con su ataque, haciendo que este no pueda reaccionar, quedando con una salud de 100

la primera ronda la gano el jugador numero 2 con su personaje llamado Emanuel y quedando con una salud de 100
la lista del jugador uno es de  2 mientras que la del 2 es de 3

----------------------------------------
  Damos inicio a la ronda de los elfos  
----------------------------------------

Ronda 1:

El elfo del jugador 1 realiza un ataque y queda con una salud de 16
El elfo del jugador 2 realiza un ataque y queda con una salud de 90

Ronda 2:

El elfo del jugador 2 antes al elfo del jugador 1 con su ataque, haciendo que este no pueda reaccionar , quedando con una salud de 90

la segunda ronda la gano el jugador numero 2 con su personaje llamado Margarita y quedando con una salud de 90
la lista del jugador uno es de  1 mientras que la del 2 es de 3

----------------------------------------
 Damos inicio a la ronda de los humanos 
----------------------------------------

Ronda 1:

El humano del jugador 1 realiza un ataque y queda con una salud de 75
El humano del jugador 2 realiza un ataque y queda con una salud de 83

Ronda 2:

El humano 2 mato antes al humano 1 con su ataque, haciendo que este no pueda reaccionar, quedando con una salud de 83

la tercera ronda la gano el jugador numero 2 con su personaje llamado Polem y quedando con una salud de 83
la lista del jugador uno es de  0 mientras que la del 2 es de 3

-----------------------------------------------------------
   Damos inicio a la ultima ronda, la definitoria, 1 vs 2    
-------------------------------------------------------------
Felicidades al jugador 2, aniquilo a los 3 rivales que les toco enfrentar y gano
