----------------------------------------
  Damos inicio a la ronda de los orcos  
----------------------------------------
jugador 1: Lucas, Hannah, Pamela
jugador 2: Gabriel, Bulma, Golem

Ronda 1:

El orco del jugador 1 realiza un ataque y queda con una salud de 87
El orco del jugador 2 realiza un ataque y queda con una salud de 58

Ronda 2:

El orco del jugador 1 realiza un ataque y queda con una salud de 63
El orco del jugador 2 realiza un ataque y queda con una salud de 15

Ronda 3:

El orco del jugador 1 realiza un ataque y queda con una salud de 5
El orco del jugador 2 realiza un ataque y queda con una salud de 10

Ronda 4:

El orco del jugador 2 mato antes al orco del jugador 1 con su ataque, haciendo que este no pueda reaccionar, quedando con una salud de 10

la primera ronda la gano el jugador numero 2 con su personaje llamado Gabriel y quedando con una salud de 10
la lista del jugador uno es de  2 mientras que la del 2 es de 3

----------------------------------------
  Damos inicio a la ronda de los elfos  
----------------------------------------

Ronda 1:

El elfo del jugador 1 realiza un ataque y queda con una salud de 39
El elfo del jugador 2 realiza un ataque y queda con una salud de 53

Ronda 2:

El elfo del jugador 1 realiza un ataque y queda con una salud de 38
El elfo del jugador 2 realiza un ataque y queda con una salud de 51

Ronda 3:

El elfo del jugador 1 realiza un ataque y queda con una salud de 36
El elfo del jugador 2 realiza un ataque y queda con una salud de -23

la segunda ronda la gano el jugador numero 1 con su personaje llamado Hannah y quedando con una salud de 36
la lista del jugador uno es de  2 mientras que la del 2 es de 2

----------------------------------------
 Damos inicio a la ronda de los humanos 
----------------------------------------

Ronda 1:

El humano del jugador 1 realiza un ataque y queda con una salud de 70
El humano del jugador 2 realiza un ataque y queda con una salud de 77

Ronda 2:

El humano del jugador 1 realiza un ataque y queda con una salud de 52
El humano del jugador 2 realiza un ataque y queda con una salud de 22

Ronda 3:

El humano del jugador 1 realiza un ataque y queda con una salud de 9
El humano del jugador 2 realiza un ataque y queda con una salud de -12

la tercera ronda la gano el jugador numero 1 con su personaje llamado Pamela y quedando con una salud de 9
la lista del jugador uno es de  2 mientras que la del 2 es de 1

-----------------------------------------------------------
   Damos inicio a la ultima ronda, la definitoria, 1 vs 2    
-------------------------------------------------------------
Gabriel va a pelear contra 2, contra Hannah y Pamela

Ronda 1:

El Elfo del jugador 1 mato al Orco del jugador 2 con su ataque, haciendo que este no pueda reaccionar, quedando con una salud de 36
Gabriel no pudo ante el primer personaje del jugador 2 (Hannah), haciendo quedar a este jugador como victorioso!
Gano el jugador 2, sus felicitaciones al mismo
