----------------------------------------
  Damos inicio a la ronda de los orcos  
----------------------------------------
jugador 1: Bicha, Hannah, Dario
jugador 2: Martin, Tiziana, Pom

Ronda 1:

El orco del jugador 1 realiza un ataque y queda con una salud de 98
El orco del jugador 2 realiza un ataque y queda con una salud de 84

Ronda 2:

El orco del jugador 1 realiza un ataque y queda con una salud de 84
El orco del jugador 2 realiza un ataque y queda con una salud de 7

Ronda 3:

El orco del jugador 1 realiza un ataque y queda con una salud de 39
El orco del jugador 2 realiza un ataque y queda con una salud de 4

Ronda 4:

El orco del jugador 1 realiza un ataque y queda con una salud de 33
El orco del jugador 2 realiza un ataque y queda con una salud de -19

la primera ronda la gano el jugador numero 1 con su personaje llamado Bicha y quedando con una salud de 33
la lista del jugador uno es de  3 mientras que la del 2 es de 2

----------------------------------------
  Damos inicio a la ronda de los elfos  
----------------------------------------

Ronda 1:

El elfo del jugador 2 mato antes al elfo del jugador 1 con su ataque, haciendo que este no pueda reaccionar , quedando con una salud de 100

la segunda ronda la gano el jugador numero 2 con su personaje llamado Tiziana y quedando con una salud de 100
la lista del jugador uno es de  2 mientras que la del 2 es de 2

----------------------------------------
 Damos inicio a la ronda de los humanos 
----------------------------------------

Ronda 1:

El humano del jugador 1 realiza un ataque y queda con una salud de 99
El humano del jugador 2 realiza un ataque y queda con una salud de 99

Ronda 2:

El humano del jugador 1 realiza un ataque y queda con una salud de 22
El humano del jugador 2 realiza un ataque y queda con una salud de 43

Ronda 3:

El humano 2 mato antes al humano 1 con su ataque, haciendo que este no pueda reaccionar, quedando con una salud de 43

la tercera ronda la gano el jugador numero 2 con su personaje llamado Pom y quedando con una salud de 43
la lista del jugador uno es de  1 mientras que la del 2 es de 2

-----------------------------------------------------------
   Damos inicio a la ultima ronda, la definitoria, 1 vs 2    
-------------------------------------------------------------
Tiziana y Pom va a pelear contra solamente 1, especificamente Bicha

Ronda 1:

El Orco del jugador 1 realiza un ataque y queda con una salud de 33
la efectividad de disparo del jugador 1 fue de 0.68mientras que la del jugador 2 fue de 0.32

El Elfo del jugador 2 mato antes al Orco del jugador 1 con su ataque, haciendo que este no pueda reaccionar
Gano el jugador 2, sus felicitaciones al mismo
----------------------------------------
  Damos inicio a la ronda de los orcos  
----------------------------------------
jugador 1: Gabriel, Andrea, Joaquin
jugador 2: Emanuel, Pipe, Albino

Ronda 1:

El orco del jugador 1 realiza un ataque y queda con una salud de 67
El orco del jugador 2 realiza un ataque y queda con una salud de 91

Ronda 2:

El orco del jugador 1 realiza un ataque y queda con una salud de 18
El orco del jugador 2 realiza un ataque y queda con una salud de 12

Ronda 3:

El orco del jugador 2 mato antes al orco del jugador 1 con su ataque, haciendo que este no pueda reaccionar, quedando con una salud de 12

la primera ronda la gano el jugador numero 2 con su personaje llamado Emanuel y quedando con una salud de 12
la lista del jugador uno es de  2 mientras que la del 2 es de 3

----------------------------------------
  Damos inicio a la ronda de los elfos  
----------------------------------------

Ronda 1:

El elfo del jugador 1 realiza un ataque y queda con una salud de 99
El elfo del jugador 2 realiza un ataque y queda con una salud de 10

Ronda 2:

El elfo del jugador 1 realiza un ataque y queda con una salud de 80
El elfo del jugador 2 realiza un ataque y queda con una salud de -2

la segunda ronda la gano el jugador numero 1 con su personaje llamado Andrea y quedando con una salud de 80
la lista del jugador uno es de  2 mientras que la del 2 es de 2

----------------------------------------
 Damos inicio a la ronda de los humanos 
----------------------------------------

Ronda 1:

El humano del jugador 1 realiza un ataque y queda con una salud de 98
El humano del jugador 2 realiza un ataque y queda con una salud de 94

Ronda 2:

El humano del jugador 1 realiza un ataque y queda con una salud de 45
El humano del jugador 2 realiza un ataque y queda con una salud de 59

Ronda 3:

El humano 2 mato antes al humano 1 con su ataque, haciendo que este no pueda reaccionar, quedando con una salud de 59

la tercera ronda la gano el jugador numero 2 con su personaje llamado Albino y quedando con una salud de 59
la lista del jugador uno es de  1 mientras que la del 2 es de 2

-----------------------------------------------------------
   Damos inicio a la ultima ronda, la definitoria, 1 vs 2    
-------------------------------------------------------------
Emanuel y Albino va a pelear contra solamente 1, especificamente Andrea

Ronda 1:

El Humano del jugador 1 mato antes al Orco del jugador 2 con su ataque, tiene 80 puntos de vida
Esto produjo la ronda mas epica del juego, la ultima ronda, solo gana el que tiene mas vida

-----------------------------------------------------------
Damos inicio a la ultima ronda, la ultra definitoria, 1 vs 1 
-------------------------------------------------------------

 Ultima Ronda :
EMANUEL VS ANDREA
la efectividad de disparo del jugador 1 fue de 0.12mientras que la del jugador 2 fue de 0.98

El Orco del jugador 2 realiza un ataque y queda con una salud de -200

El Humano del jugador 1 realiza un ataque y queda con una salud de 78
INCREIBLEMENTE GANO EL JUGADOR 1, GLUTCHENDO CONTRA 2 JUGADORES, FUE INCREIBLE Andrea gano con 78 de salud, mientras que Emanuel se quedo con -200 de vida.
