----------------------------------------
  Damos inicio a la ronda de los orcos  
----------------------------------------
jugador 1: Pepe, Bulma, Julian
jugador 2: Manuel, Sarah, Albino

Ronda 1:

El orco del jugador 1 realiza un ataque y queda con una salud de 14
El orco del jugador 2 realiza un ataque y queda con una salud de 99

Ronda 2:

El orco del jugador 1 realiza un ataque y queda con una salud de 13
El orco del jugador 2 realiza un ataque y queda con una salud de 98

Ronda 3:

El orco del jugador 2 mato antes al orco del jugador 1 con su ataque, haciendo que este no pueda reaccionar, quedando con una salud de 98

la primera ronda la gano el jugador numero 2 con su personaje llamado Manuel y quedando con una salud de 98
la lista del jugador uno es de  2 mientras que la del 2 es de 3

----------------------------------------
  Damos inicio a la ronda de los elfos  
----------------------------------------

Ronda 1:

El elfo del jugador 1 realiza un ataque y queda con una salud de 45
El elfo del jugador 2 realiza un ataque y queda con una salud de 88

Ronda 2:

El elfo del jugador 1 realiza un ataque y queda con una salud de 32
El elfo del jugador 2 realiza un ataque y queda con una salud de 30

Ronda 3:

El elfo del jugador 1 realiza un ataque y queda con una salud de 22
El elfo del jugador 2 realiza un ataque y queda con una salud de 21

Ronda 4:

El elfo del jugador 1 realiza un ataque y queda con una salud de 21
El elfo del jugador 2 realiza un ataque y queda con una salud de -51

la segunda ronda la gano el jugador numero 1 con su personaje llamado Bulma y quedando con una salud de 21
la lista del jugador uno es de  2 mientras que la del 2 es de 2

----------------------------------------
 Damos inicio a la ronda de los humanos 
----------------------------------------

Ronda 1:

El humano del jugador 1 realiza un ataque y queda con una salud de 87
El humano del jugador 2 realiza un ataque y queda con una salud de 97

Ronda 2:

El humano del jugador 1 realiza un ataque y queda con una salud de 82
El humano del jugador 2 realiza un ataque y queda con una salud de 80

Ronda 3:

El humano del jugador 1 realiza un ataque y queda con una salud de 16
El humano del jugador 2 realiza un ataque y queda con una salud de 77

Ronda 4:

El humano del jugador 1 realiza un ataque y queda con una salud de 10
El humano del jugador 2 realiza un ataque y queda con una salud de 66

Ronda 5:

El humano 2 mato antes al humano 1 con su ataque, haciendo que este no pueda reaccionar, quedando con una salud de 66

la tercera ronda la gano el jugador numero 2 con su personaje llamado Albino y quedando con una salud de 66
la lista del jugador uno es de  1 mientras que la del 2 es de 2

-----------------------------------------------------------
   Damos inicio a la ultima ronda, la definitoria, 1 vs 2    
-------------------------------------------------------------
Manuel y Albino va a pelear contra solamente 1, especificamente Bulma

Ronda 1:

El Elfo del jugador 1 realiza un ataque y queda con una salud de 21
la efectividad de disparo del jugador 1 fue de 0.56 mientras que la del jugador 2 fue de 0.71

El Orco del jugador 2 mato antes al Elfo del jugador 1 con su ataque, haciendo que este no pueda reaccionar
Gano el jugador 2, sus felicitaciones al mismo
----------------------------------------
  Damos inicio a la ronda de los orcos  
----------------------------------------
jugador 1: Ernesto, Raquel, Galo
jugador 2: Martin, Lucia, Darian

Ronda 1:

El orco del jugador 1 realiza un ataque y queda con una salud de 91
El orco del jugador 2 realiza un ataque y queda con una salud de 83

Ronda 2:

El orco del jugador 2 mato antes al orco del jugador 1 con su ataque, haciendo que este no pueda reaccionar, quedando con una salud de 83

la primera ronda la gano el jugador numero 2 con su personaje llamado Martin y quedando con una salud de 83
la lista del jugador uno es de  3 mientras que la del 2 es de 5

----------------------------------------
  Damos inicio a la ronda de los elfos  
----------------------------------------

Ronda 1:

El elfo del jugador 1 realiza un ataque y queda con una salud de 67
El elfo del jugador 2 realiza un ataque y queda con una salud de 45

Ronda 2:

El elfo del jugador 1 realiza un ataque y queda con una salud de 25
El elfo del jugador 2 realiza un ataque y queda con una salud de 23

Ronda 3:

El elfo del jugador 2 mato antes al elfo del jugador 1 con su ataque, haciendo que este no pueda reaccionar , quedando con una salud de 23

la segunda ronda la gano el jugador numero 2 con su personaje llamado Lucia y quedando con una salud de 23
la lista del jugador uno es de  2 mientras que la del 2 es de 5

----------------------------------------
 Damos inicio a la ronda de los humanos 
----------------------------------------

Ronda 1:

El humano del jugador 1 realiza un ataque y queda con una salud de 71
El humano del jugador 2 realiza un ataque y queda con una salud de 29

Ronda 2:

El humano del jugador 1 realiza un ataque y queda con una salud de 54
El humano del jugador 2 realiza un ataque y queda con una salud de -64

la tercera ronda la gano el jugador numero 1 con su personaje llamado Galo y quedando con una salud de 54
la lista del jugador uno es de  2 mientras que la del 2 es de 5

-----------------------------------------------------------
   Damos inicio a la ultima ronda, la definitoria, 1 vs 2    
-------------------------------------------------------------
