----------------------------------------
  Damos inicio a la ronda de los orcos  
----------------------------------------
jugador 1: Gabriel, Bulma, Polem
jugador 2: Lucas, Margarita, Golem

Ronda 1:

El orco del jugador 1 realiza un ataque y queda con una salud de 71
El orco del jugador 2 realiza un ataque y queda con una salud de -2

la primera ronda la gano el jugador numero 1 con su personaje llamado Gabriel y quedando con una salud de 71
la lista del jugador uno es de  3 mientras que la del 2 es de 2

----------------------------------------
  Damos inicio a la ronda de los elfos  
----------------------------------------

Ronda 1:

El elfo del jugador 1 realiza un ataque y queda con una salud de 96
El elfo del jugador 2 realiza un ataque y queda con una salud de 72

Ronda 2:

El elfo del jugador 1 realiza un ataque y queda con una salud de 90
El elfo del jugador 2 realiza un ataque y queda con una salud de 71

Ronda 3:

El elfo del jugador 1 realiza un ataque y queda con una salud de 50
El elfo del jugador 2 realiza un ataque y queda con una salud de 70

Ronda 4:

El elfo del jugador 1 realiza un ataque y queda con una salud de 43
El elfo del jugador 2 realiza un ataque y queda con una salud de 38

Ronda 5:

El elfo del jugador 2 mato antes al elfo del jugador 1 con su ataque, haciendo que este no pueda reaccionar , quedando con una salud de 38

la segunda ronda la gano el jugador numero 2 con su personaje llamado Margarita y quedando con una salud de 38
la lista del jugador uno es de  2 mientras que la del 2 es de 2

----------------------------------------
 Damos inicio a la ronda de los humanos 
----------------------------------------

Ronda 1:

El humano del jugador 1 realiza un ataque y queda con una salud de 95
El humano del jugador 2 realiza un ataque y queda con una salud de 14

Ronda 2:

El humano del jugador 1 realiza un ataque y queda con una salud de 94
El humano del jugador 2 realiza un ataque y queda con una salud de -50

la tercera ronda la gano el jugador numero 1 con su personaje llamado Polem y quedando con una salud de 94
la lista del jugador uno es de  2 mientras que la del 2 es de 1

-----------------------------------------------------------
   Damos inicio a la ultima ronda, la definitoria, 1 vs 2    
-------------------------------------------------------------
Margarita va a pelear contra 2, contra Gabriel y Polem

Ronda 1:

El Orco del jugador 1 mato al Elfo del jugador 2 con su ataque, haciendo que este no pueda reaccionar, quedando con una salud de 71
Margarita no pudo ante el primer personaje del jugador 2 (Gabriel), haciendo quedar a este jugador como victorioso!
Gano el jugador 1, sus felicitaciones al mismo
