----------------------------------------
  Damos inicio a la ronda de los orcos  
----------------------------------------
jugador 1: Emanuel, Celeste, Pom
jugador 2: Martin, Raquel, Joaquin

Ronda 1:

El orco del jugador 1 realiza un ataque y queda con una salud de 6
El orco del jugador 2 realiza un ataque y queda con una salud de 53

Ronda 2:

El orco del jugador 2 mato antes al orco del jugador 1 con su ataque, haciendo que este no pueda reaccionar, quedando con una salud de 53

la primera ronda la gano el jugador numero 2 con su personaje llamado Martin y quedando con una salud de 53
la lista del jugador uno es de  2 mientras que la del 2 es de 3

----------------------------------------
  Damos inicio a la ronda de los elfos  
----------------------------------------

Ronda 1:

El elfo del jugador 1 realiza un ataque y queda con una salud de 8
El elfo del jugador 2 realiza un ataque y queda con una salud de 95

Ronda 2:

El elfo del jugador 1 realiza un ataque y queda con una salud de 5
El elfo del jugador 2 realiza un ataque y queda con una salud de 63

Ronda 3:

El elfo del jugador 2 mato antes al elfo del jugador 1 con su ataque, haciendo que este no pueda reaccionar , quedando con una salud de 63

la segunda ronda la gano el jugador numero 2 con su personaje llamado Raquel y quedando con una salud de 63
la lista del jugador uno es de  1 mientras que la del 2 es de 3

----------------------------------------
 Damos inicio a la ronda de los humanos 
----------------------------------------

Ronda 1:

El humano del jugador 1 realiza un ataque y queda con una salud de 97
El humano del jugador 2 realiza un ataque y queda con una salud de 98

Ronda 2:

El humano del jugador 1 realiza un ataque y queda con una salud de 96
El humano del jugador 2 realiza un ataque y queda con una salud de 96

Ronda 3:

El humano del jugador 1 realiza un ataque y queda con una salud de 79
El humano del jugador 2 realiza un ataque y queda con una salud de 79

Ronda 4:

El humano del jugador 1 realiza un ataque y queda con una salud de 50
El humano del jugador 2 realiza un ataque y queda con una salud de 24

Ronda 5:

El humano del jugador 1 realiza un ataque y queda con una salud de 25
El humano del jugador 2 realiza un ataque y queda con una salud de -20

la tercera ronda la gano el jugador numero 1 con su personaje llamado Pom y quedando con una salud de 25
la lista del jugador uno es de  1 mientras que la del 2 es de 2

-----------------------------------------------------------
   Damos inicio a la ultima ronda, la definitoria, 1 vs 2    
-------------------------------------------------------------
Martin y Raquel va a pelear contra solamente 1, especificamente Pom

Ronda 1:

El Humano del jugador 1 mato antes al Orco del jugador 2 con su ataque, tiene 25 puntos de vida
Esto produjo la ronda mas epica del juego, la ultima ronda, solo gana el que tiene mas vida

-----------------------------------------------------------
Damos inicio a la ultima ronda, la ultra definitoria, 1 vs 1 
-------------------------------------------------------------

 Ultima Ronda :
MARTIN VS POM
la efectividad de disparo del jugador 1 fue de 0.87mientras que la del jugador 2 fue de 0.27

El Orco del jugador 2 realiza un ataque y queda con una salud de -113

El Humano del jugador 1 realiza un ataque y queda con una salud de 16
INCREIBLEMENTE GANO EL JUGADOR 1, GLUTCHENDO CONTRA 2 JUGADORES, FUE INCREIBLE Pom gano con 16 de salud, mientras que Martin se quedo con -113 de vida.
