----------------------------------------
  Damos inicio a la ronda de los orcos  
----------------------------------------
jugador 1: Goliath, Lucia, Pamela
jugador 2: Luis, Margarita, Polem

Ronda 1:

El orco del jugador 1 realiza un ataque y queda con una salud de 90
El orco del jugador 2 realiza un ataque y queda con una salud de 81

Ronda 2:

El orco del jugador 1 realiza un ataque y queda con una salud de 89
El orco del jugador 2 realiza un ataque y queda con una salud de -23

la primera ronda la gano el jugador numero 1 con su personaje llamado Goliath y quedando con una salud de 89
la lista del jugador uno es de  3 mientras que la del 2 es de 2

----------------------------------------
  Damos inicio a la ronda de los elfos  
----------------------------------------

Ronda 1:

El elfo del jugador 1 realiza un ataque y queda con una salud de 98
El elfo del jugador 2 realiza un ataque y queda con una salud de 98

Ronda 2:

El elfo del jugador 1 realiza un ataque y queda con una salud de 21
El elfo del jugador 2 realiza un ataque y queda con una salud de 96

Ronda 3:

El elfo del jugador 1 realiza un ataque y queda con una salud de 17
El elfo del jugador 2 realiza un ataque y queda con una salud de 26

Ronda 4:

El elfo del jugador 1 realiza un ataque y queda con una salud de 14
El elfo del jugador 2 realiza un ataque y queda con una salud de 25

Ronda 5:

El elfo del jugador 2 mato antes al elfo del jugador 1 con su ataque, haciendo que este no pueda reaccionar , quedando con una salud de 25

la segunda ronda la gano el jugador numero 2 con su personaje llamado Margarita y quedando con una salud de 25
la lista del jugador uno es de  2 mientras que la del 2 es de 2

----------------------------------------
 Damos inicio a la ronda de los humanos 
----------------------------------------

Ronda 1:

El humano del jugador 1 realiza un ataque y queda con una salud de 82
El humano del jugador 2 realiza un ataque y queda con una salud de 99

Ronda 2:

El humano del jugador 1 realiza un ataque y queda con una salud de 65
El humano del jugador 2 realiza un ataque y queda con una salud de 98

Ronda 3:

El humano del jugador 1 realiza un ataque y queda con una salud de 44
El humano del jugador 2 realiza un ataque y queda con una salud de 51

Ronda 4:

El humano del jugador 1 realiza un ataque y queda con una salud de 41
El humano del jugador 2 realiza un ataque y queda con una salud de 49

Ronda 5:

El humano del jugador 1 realiza un ataque y queda con una salud de 1
El humano del jugador 2 realiza un ataque y queda con una salud de 0

Ronda 6:

El humano 2 mato antes al humano 1 con su ataque, haciendo que este no pueda reaccionar, quedando con una salud de 0

la tercera ronda la gano el jugador numero 2 con su personaje llamado Polem y quedando con una salud de 0
la lista del jugador uno es de  1 mientras que la del 2 es de 2

-----------------------------------------------------------
   Damos inicio a la ultima ronda, la definitoria, 1 vs 2    
-------------------------------------------------------------
Margarita y Polem va a pelear contra solamente 1, especificamente Goliath

Ronda 1:

El Orco del jugador 1 mato antes al Elfo del jugador 2 con su ataque, tiene 89 puntos de vida
Esto produjo la ronda mas epica del juego, la ultima ronda, solo gana el que tiene mas vida

-----------------------------------------------------------
Damos inicio a la ultima ronda, la ultra definitoria, 1 vs 1 
-------------------------------------------------------------

 Ultima Ronda :
MARGARITA VS GOLIATH
la efectividad de disparo del jugador 1 fue de 0.52mientras que la del jugador 2 fue de 0.35

El Elfo del jugador 2 realiza un ataque y queda con una salud de -33

El Orco del jugador 1 realiza un ataque y queda con una salud de 75
INCREIBLEMENTE GANO EL JUGADOR 1, CONTRA 2 JUGADORES, FUE INCREIBLE Goliath gano con 75 de salud, mientras que Margarita se quedo con -33 de vida.
