----------------------------------------
  Damos inicio a la ronda de los orcos  
----------------------------------------
jugador 1: Gabriel, Ana, Lucia
jugador 2: Goliath, Sara, Darian

Ronda 1:

El orco del jugador 1 realiza un ataque y queda con una salud de 16
El orco del jugador 2 realiza un ataque y queda con una salud de 93

Ronda 2:

El orco del jugador 2 mato antes al orco del jugador 1 con su ataque, haciendo que este no pueda reaccionar, quedando con una salud de 93

la primera ronda la gano el jugador numero 2 con su personaje llamado Goliath y quedando con una salud de 93
la lista del jugador uno es de  2 mientras que la del 2 es de 3

----------------------------------------
  Damos inicio a la ronda de los elfos  
----------------------------------------

Ronda 1:

El elfo del jugador 1 realiza un ataque y queda con una salud de 47
El elfo del jugador 2 realiza un ataque y queda con una salud de 99

Ronda 2:

El elfo del jugador 1 realiza un ataque y queda con una salud de 46
El elfo del jugador 2 realiza un ataque y queda con una salud de 80

Ronda 3:

El elfo del jugador 1 realiza un ataque y queda con una salud de 45
El elfo del jugador 2 realiza un ataque y queda con una salud de 46

Ronda 4:

El elfo del jugador 1 realiza un ataque y queda con una salud de 23
El elfo del jugador 2 realiza un ataque y queda con una salud de 41

Ronda 5:

El elfo del jugador 1 realiza un ataque y queda con una salud de 14
El elfo del jugador 2 realiza un ataque y queda con una salud de 25

Ronda 6:

El elfo del jugador 2 mato antes al elfo del jugador 1 con su ataque, haciendo que este no pueda reaccionar , quedando con una salud de 25

la segunda ronda la gano el jugador numero 2 con su personaje llamado Sara y quedando con una salud de 25
la lista del jugador uno es de  1 mientras que la del 2 es de 3

----------------------------------------
 Damos inicio a la ronda de los humanos 
----------------------------------------

Ronda 1:

El humano 2 mato antes al humano 1 con su ataque, haciendo que este no pueda reaccionar, quedando con una salud de 100

la tercera ronda la gano el jugador numero 2 con su personaje llamado Darian y quedando con una salud de 100
la lista del jugador uno es de  0 mientras que la del 2 es de 3
Felicidades al jugador 2, aniquilo a los 3 rivales que les toco enfrentar y gano
