----------------------------------------
  Damos inicio a la ronda de los orcos  
----------------------------------------
jugador 1: Gabriel, Libelula, Ana
jugador 2: Jeremias, Hana, Pamela

Ronda 1:

El orco del jugador 1 realiza un ataque y queda con una salud de 96
El orco del jugador 2 realiza un ataque y queda con una salud de 60

Ronda 2:

El orco del jugador 1 realiza un ataque y queda con una salud de 63
El orco del jugador 2 realiza un ataque y queda con una salud de 58

Ronda 3:

El orco del jugador 1 realiza un ataque y queda con una salud de 11
El orco del jugador 2 realiza un ataque y queda con una salud de 48

Ronda 4:

El orco del jugador 2 mato antes al orco del jugador 1 con su ataque, haciendo que este no pueda reaccionar, quedando con una salud de 48

la primera ronda la gano el jugador numero 2 con su personaje llamado Jeremias y quedando con una salud de 48
la lista del jugador uno es de  2 mientras que la del 2 es de 3

----------------------------------------
  Damos inicio a la ronda de los elfos  
----------------------------------------

Ronda 1:

El elfo del jugador 1 realiza un ataque y queda con una salud de 25
El elfo del jugador 2 realiza un ataque y queda con una salud de 95

Ronda 2:

El elfo del jugador 1 realiza un ataque y queda con una salud de 20
El elfo del jugador 2 realiza un ataque y queda con una salud de 24

Ronda 3:

El elfo del jugador 2 mato antes al elfo del jugador 1 con su ataque, haciendo que este no pueda reaccionar , quedando con una salud de 24

la segunda ronda la gano el jugador numero 2 con su personaje llamado Hana y quedando con una salud de 24
la lista del jugador uno es de  1 mientras que la del 2 es de 3

----------------------------------------
 Damos inicio a la ronda de los humanos 
----------------------------------------

Ronda 1:

El humano del jugador 1 realiza un ataque y queda con una salud de 84
El humano del jugador 2 realiza un ataque y queda con una salud de 86

Ronda 2:

El humano del jugador 1 realiza un ataque y queda con una salud de 55
El humano del jugador 2 realiza un ataque y queda con una salud de 51

Ronda 3:

El humano 2 mato antes al humano 1 con su ataque, haciendo que este no pueda reaccionar, quedando con una salud de 51

la tercera ronda la gano el jugador numero 2 con su personaje llamado Pamela y quedando con una salud de 51
la lista del jugador uno es de  0 mientras que la del 2 es de 3
Felicidades al jugador 2, aniquilo a los 3 rivales que les toco enfrentar y gano
